#
# There is insufficient memory for the Java Runtime Environment to continue.
# Native memory allocation (malloc) failed to allocate 32744 bytes for ChunkPool::allocate
# Possible reasons:
#   The system is out of physical RAM or swap space
#   The process is running with CompressedOops enabled, and the Java Heap may be blocking the growth of the native heap
# Possible solutions:
#   Reduce memory load on the system
#   Increase physical memory or swap space
#   Check if swap backing store is full
#   Decrease Java heap size (-Xmx/-Xms)
#   Decrease number of Java threads
#   Decrease Java thread stack sizes (-Xss)
#   Set larger code cache with -XX:ReservedCodeCacheSize=
#   JVM is running with Unscaled Compressed Oops mode in which the Java heap is
#     placed in the first 4GB address space. The Java Heap base address is the
#     maximum limit for the native heap growth. Please use -XX:HeapBaseMinAddress
#     to set the Java Heap base and to place the Java Heap above 4GB virtual address.
# This output file may be truncated or incomplete.
#
#  Out of Memory Error (t:/workspace/hotspot/src/share/vm/memory/allocation.cpp:256), pid=3620, tid=6340
#
# JRE version: Java(TM) SE Runtime Environment (9.0+11) (build 9.0.1+11)
# Java VM: Java HotSpot(TM) 64-Bit Server VM (9.0.1+11, mixed mode, tiered, compressed oops, g1 gc, windows-amd64)
# No core dump will be written. Minidumps are not enabled by default on client versions of Windows
#

---------------  S U M M A R Y ------------

Command Line: target/swagger-light-java-1.0.0.jar

Host: Intel(R) Core(TM) i5-3230M CPU @ 2.60GHz, 4 cores, 7G,  Windows 10 , 64 bit Build 16299 (10.0.16299.15)
Time: Thu Dec 28 19:28:26 2017 GTB Standard Time elapsed time: 29 seconds (0d 0h 0m 29s)

---------------  T H R E A D  ---------------

Current thread (0x0000016ba9ce4000):  JavaThread "C2 CompilerThread0" daemon [_thread_in_native, id=6340, stack(0x00000017cf500000,0x00000017cf600000)]


Current CompileTask:
C2:  29129 2250       4       sun.nio.ch.SocketChannelImpl::translateAndSetReadyOps (8 bytes)

Stack: [0x00000017cf500000,0x00000017cf600000]
Native frames: (J=compiled Java code, j=interpreted, Vv=VM code, C=native code)
V  [jvm.dll+0x5870b8]

[error occurred during error reporting (printing native stack), id 0xe0000001]


---------------  P R O C E S S  ---------------

Java Threads: ( => current thread )
  0x0000016baa89b800 JavaThread "DestroyJavaVM" [_thread_blocked, id=9464, stack(0x00000017ce300000,0x00000017ce400000)]
  0x0000016baaa9c000 JavaThread "XNIO-1 Accept" [_thread_in_native, id=14136, stack(0x00000017d0400000,0x00000017d0500000)]
  0x0000016baaa9b000 JavaThread "XNIO-1 I/O-8" [_thread_in_native, id=2736, stack(0x00000017d0300000,0x00000017d0400000)]
  0x0000016bac047000 JavaThread "XNIO-1 I/O-7" [_thread_in_native, id=12892, stack(0x00000017d0200000,0x00000017d0300000)]
  0x0000016baa99b000 JavaThread "XNIO-1 I/O-6" [_thread_in_native, id=13828, stack(0x00000017d0100000,0x00000017d0200000)]
  0x0000016baaa98000 JavaThread "XNIO-1 I/O-5" [_thread_in_native, id=10592, stack(0x00000017d0000000,0x00000017d0100000)]
  0x0000016baa845800 JavaThread "XNIO-1 I/O-4" [_thread_in_native, id=9824, stack(0x00000017cff00000,0x00000017d0000000)]
  0x0000016baa969800 JavaThread "XNIO-1 I/O-3" [_thread_in_native, id=9800, stack(0x00000017cfe00000,0x00000017cff00000)]
  0x0000016bab8e0000 JavaThread "XNIO-1 I/O-2" [_thread_in_native, id=11660, stack(0x00000017cfd00000,0x00000017cfe00000)]
  0x0000016baa6f6800 JavaThread "XNIO-1 I/O-1" [_thread_in_native, id=13340, stack(0x00000017cfc00000,0x00000017cfd00000)]
  0x0000016ba9fe9000 JavaThread "Service Thread" daemon [_thread_blocked, id=7600, stack(0x00000017cfa00000,0x00000017cfb00000)]
  0x0000016ba9ee8800 JavaThread "Common-Cleaner" daemon [_thread_blocked, id=1852, stack(0x00000017cf900000,0x00000017cfa00000)]
  0x0000016ba9cf8000 JavaThread "Sweeper thread" daemon [_thread_blocked, id=7676, stack(0x00000017cf800000,0x00000017cf900000)]
  0x0000016ba9cf5800 JavaThread "C1 CompilerThread2" daemon [_thread_blocked, id=10216, stack(0x00000017cf700000,0x00000017cf800000)]
  0x0000016ba9ce9000 JavaThread "C2 CompilerThread1" daemon [_thread_in_native, id=8992, stack(0x00000017cf600000,0x00000017cf700000)]
=>0x0000016ba9ce4000 JavaThread "C2 CompilerThread0" daemon [_thread_in_native, id=6340, stack(0x00000017cf500000,0x00000017cf600000)]
  0x0000016ba9cdb000 JavaThread "Attach Listener" daemon [_thread_blocked, id=1824, stack(0x00000017cf400000,0x00000017cf500000)]
  0x0000016ba9cda000 JavaThread "Signal Dispatcher" daemon [_thread_blocked, id=632, stack(0x00000017cf300000,0x00000017cf400000)]
  0x0000016ba9ccb800 JavaThread "Finalizer" daemon [_thread_blocked, id=2472, stack(0x00000017cf100000,0x00000017cf200000)]
  0x0000016ba9cc2800 JavaThread "Reference Handler" daemon [_thread_blocked, id=4372, stack(0x00000017cf000000,0x00000017cf100000)]

Other Threads:
  0x0000016ba9c95000 VMThread "VM Thread" [stack: 0x00000017cef00000,0x00000017cf000000] [id=4832]
  0x0000016ba9fec000 WatcherThread [stack: 0x00000017cfb00000,0x00000017cfc00000] [id=12392]
  0x0000016b8a377800 GCTaskThread "GC Thread#0" [stack: 0x00000017ce400000,0x00000017ce500000] [id=8544]
  0x0000016b8a378800 GCTaskThread "GC Thread#1" [stack: 0x00000017ce500000,0x00000017ce600000] [id=9748]
  0x0000016b8a37a800 GCTaskThread "GC Thread#2" [stack: 0x00000017ce600000,0x00000017ce700000] [id=9492]
  0x0000016b8a37d800 GCTaskThread "GC Thread#3" [stack: 0x00000017ce700000,0x00000017ce800000] [id=484]
  0x0000016b8a402000 ConcurrentGCThread "G1 Main Marker" [stack: 0x00000017ced00000,0x00000017cee00000] [id=8356]
  0x0000016b8a38f000 ConcurrentGCThread "G1 Marker#0" [stack: 0x00000017cee00000,0x00000017cef00000] [id=2836]
  0x0000016b8a397800 ConcurrentGCThread "G1 Refine#0" [stack: 0x00000017ceb00000,0x00000017cec00000] [id=5084]
  0x0000016b8a396800 ConcurrentGCThread "G1 Refine#1" [stack: 0x00000017cea00000,0x00000017ceb00000] [id=9240]
  0x0000016b8a394800 ConcurrentGCThread "G1 Refine#2" [stack: 0x00000017ce900000,0x00000017cea00000] [id=6140]
  0x0000016b8a381800 ConcurrentGCThread "G1 Refine#3" [stack: 0x00000017ce800000,0x00000017ce900000] [id=2272]
  0x0000016b8a399800 ConcurrentGCThread "G1 Young RemSet Sampling" [stack: 0x00000017cec00000,0x00000017ced00000] [id=6312]

Threads with active compile tasks:
C2 CompilerThread12251   !   4       sun.nio.ch.WindowsSelectorImpl$SubSelector::processFDSet (374 bytes)
C2 CompilerThread02250       4       sun.nio.ch.SocketChannelImpl::translateAndSetReadyOps (8 bytes)

VM state:not at safepoint (normal execution)

VM Mutex/Monitor currently owned by a thread: None

Heap address: 0x0000000080c00000, size: 2036 MB, Compressed Oops mode: 32-bit
Narrow klass base: 0x0000000000000000, Narrow klass shift: 3
Compressed class space size: 1073741824 Address: 0x0000000100000000

Heap:
 garbage-first heap   total 131072K, used 22251K [0x0000000080c00000, 0x0000000080d00400, 0x0000000100000000)
  region size 1024K, 16 young (16384K), 4 survivors (4096K)
 Metaspace       used 19166K, capacity 19820K, committed 19968K, reserved 1067008K
  class space    used 2148K, capacity 2283K, committed 2304K, reserved 1048576K
Heap Regions: E=young(eden), S=young(survivor), O=old, HS=humongous(starts), HC=humongous(continues), CS=collection set, F=free, A=archive, TS=gc time stamp, AC=allocation context, TAMS=top-at-mark-start (previous, next)
|   0|0x0000000080c00000, 0x0000000080d00000, 0x0000000080d00000|100%| O|  |TS  3|AC  0|TAMS 0x0000000080c00000, 0x0000000080c00000|
|   1|0x0000000080d00000, 0x0000000080e00000, 0x0000000080e00000|100%|HS|  |TS  0|AC  0|TAMS 0x0000000080d00000, 0x0000000080d00000|
|   2|0x0000000080e00000, 0x0000000080f00000, 0x0000000080f00000|100%| O|  |TS  1|AC  0|TAMS 0x0000000080e00000, 0x0000000080e00000|
|   3|0x0000000080f00000, 0x0000000081000000, 0x0000000081000000|100%| O|  |TS  1|AC  0|TAMS 0x0000000080f00000, 0x0000000080f00000|
|   4|0x0000000081000000, 0x0000000081100000, 0x0000000081100000|100%| O|  |TS  3|AC  0|TAMS 0x0000000081000000, 0x0000000081000000|
|   5|0x0000000081100000, 0x0000000081200000, 0x0000000081200000|100%| O|  |TS  3|AC  0|TAMS 0x0000000081100000, 0x0000000081100000|
|   6|0x0000000081200000, 0x00000000812bac00, 0x0000000081300000| 72%| O|  |TS  5|AC  0|TAMS 0x0000000081200000, 0x0000000081200000|
|   7|0x0000000081300000, 0x0000000081300000, 0x0000000081400000|  0%| F|  |TS  0|AC  0|TAMS 0x0000000081300000, 0x0000000081300000|
|   8|0x0000000081400000, 0x0000000081400000, 0x0000000081500000|  0%| F|  |TS  0|AC  0|TAMS 0x0000000081400000, 0x0000000081400000|
|   9|0x0000000081500000, 0x0000000081500000, 0x0000000081600000|  0%| F|  |TS  0|AC  0|TAMS 0x0000000081500000, 0x0000000081500000|
|  10|0x0000000081600000, 0x0000000081600000, 0x0000000081700000|  0%| F|  |TS  0|AC  0|TAMS 0x0000000081600000, 0x0000000081600000|
|  11|0x0000000081700000, 0x0000000081700000, 0x0000000081800000|  0%| F|  |TS  0|AC  0|TAMS 0x0000000081700000, 0x0000000081700000|
|  12|0x0000000081800000, 0x0000000081800000, 0x0000000081900000|  0%| F|  |TS  0|AC  0|TAMS 0x0000000081800000, 0x0000000081800000|
|  13|0x0000000081900000, 0x0000000081900000, 0x0000000081a00000|  0%| F|  |TS  0|AC  0|TAMS 0x0000000081900000, 0x0000000081900000|
|  14|0x0000000081a00000, 0x0000000081a00000, 0x0000000081b00000|  0%| F|  |TS  0|AC  0|TAMS 0x0000000081a00000, 0x0000000081a00000|
|  15|0x0000000081b00000, 0x0000000081b00000, 0x0000000081c00000|  0%| F|  |TS  0|AC  0|TAMS 0x0000000081b00000, 0x0000000081b00000|
|  16|0x0000000081c00000, 0x0000000081c00000, 0x0000000081d00000|  0%| F|  |TS  0|AC  0|TAMS 0x0000000081c00000, 0x0000000081c00000|
|  17|0x0000000081d00000, 0x0000000081d00000, 0x0000000081e00000|  0%| F|  |TS  0|AC  0|TAMS 0x0000000081d00000, 0x0000000081d00000|
|  18|0x0000000081e00000, 0x0000000081e00000, 0x0000000081f00000|  0%| F|  |TS  0|AC  0|TAMS 0x0000000081e00000, 0x0000000081e00000|
|  19|0x0000000081f00000, 0x0000000081f00000, 0x0000000082000000|  0%| F|  |TS  0|AC  0|TAMS 0x0000000081f00000, 0x0000000081f00000|
|  20|0x0000000082000000, 0x0000000082000000, 0x0000000082100000|  0%| F|  |TS  0|AC  0|TAMS 0x0000000082000000, 0x0000000082000000|
|  21|0x0000000082100000, 0x0000000082100000, 0x0000000082200000|  0%| F|  |TS  0|AC  0|TAMS 0x0000000082100000, 0x0000000082100000|
|  22|0x0000000082200000, 0x0000000082200000, 0x0000000082300000|  0%| F|  |TS  0|AC  0|TAMS 0x0000000082200000, 0x0000000082200000|
|  23|0x0000000082300000, 0x0000000082300000, 0x0000000082400000|  0%| F|  |TS  0|AC  0|TAMS 0x0000000082300000, 0x0000000082300000|
|  24|0x0000000082400000, 0x0000000082400000, 0x0000000082500000|  0%| F|  |TS  0|AC  0|TAMS 0x0000000082400000, 0x0000000082400000|
|  25|0x0000000082500000, 0x0000000082500000, 0x0000000082600000|  0%| F|  |TS  0|AC  0|TAMS 0x0000000082500000, 0x0000000082500000|
|  26|0x0000000082600000, 0x0000000082600000, 0x0000000082700000|  0%| F|  |TS  0|AC  0|TAMS 0x0000000082600000, 0x0000000082600000|
|  27|0x0000000082700000, 0x0000000082700000, 0x0000000082800000|  0%| F|  |TS  0|AC  0|TAMS 0x0000000082700000, 0x0000000082700000|
|  28|0x0000000082800000, 0x0000000082800000, 0x0000000082900000|  0%| F|  |TS  0|AC  0|TAMS 0x0000000082800000, 0x0000000082800000|
|  29|0x0000000082900000, 0x0000000082900000, 0x0000000082a00000|  0%| F|  |TS  0|AC  0|TAMS 0x0000000082900000, 0x0000000082900000|
|  30|0x0000000082a00000, 0x0000000082a00000, 0x0000000082b00000|  0%| F|  |TS  0|AC  0|TAMS 0x0000000082a00000, 0x0000000082a00000|
|  31|0x0000000082b00000, 0x0000000082b00000, 0x0000000082c00000|  0%| F|  |TS  0|AC  0|TAMS 0x0000000082b00000, 0x0000000082b00000|
|  32|0x0000000082c00000, 0x0000000082c00000, 0x0000000082d00000|  0%| F|  |TS  0|AC  0|TAMS 0x0000000082c00000, 0x0000000082c00000|
|  33|0x0000000082d00000, 0x0000000082d00000, 0x0000000082e00000|  0%| F|  |TS  0|AC  0|TAMS 0x0000000082d00000, 0x0000000082d00000|
|  34|0x0000000082e00000, 0x0000000082e00000, 0x0000000082f00000|  0%| F|  |TS  0|AC  0|TAMS 0x0000000082e00000, 0x0000000082e00000|
|  35|0x0000000082f00000, 0x0000000082f00000, 0x0000000083000000|  0%| F|  |TS  0|AC  0|TAMS 0x0000000082f00000, 0x0000000082f00000|
|  36|0x0000000083000000, 0x0000000083000000, 0x0000000083100000|  0%| F|  |TS  0|AC  0|TAMS 0x0000000083000000, 0x0000000083000000|
|  37|0x0000000083100000, 0x0000000083100000, 0x0000000083200000|  0%| F|  |TS  0|AC  0|TAMS 0x0000000083100000, 0x0000000083100000|
|  38|0x0000000083200000, 0x0000000083200000, 0x0000000083300000|  0%| F|  |TS  0|AC  0|TAMS 0x0000000083200000, 0x0000000083200000|
|  39|0x0000000083300000, 0x0000000083300000, 0x0000000083400000|  0%| F|  |TS  0|AC  0|TAMS 0x0000000083300000, 0x0000000083300000|
|  40|0x0000000083400000, 0x0000000083400000, 0x0000000083500000|  0%| F|  |TS  0|AC  0|TAMS 0x0000000083400000, 0x0000000083400000|
|  41|0x0000000083500000, 0x0000000083500000, 0x0000000083600000|  0%| F|  |TS  0|AC  0|TAMS 0x0000000083500000, 0x0000000083500000|
|  42|0x0000000083600000, 0x0000000083600000, 0x0000000083700000|  0%| F|  |TS  0|AC  0|TAMS 0x0000000083600000, 0x0000000083600000|
|  43|0x0000000083700000, 0x0000000083700000, 0x0000000083800000|  0%| F|  |TS  0|AC  0|TAMS 0x0000000083700000, 0x0000000083700000|
|  44|0x0000000083800000, 0x0000000083800000, 0x0000000083900000|  0%| F|  |TS  0|AC  0|TAMS 0x0000000083800000, 0x0000000083800000|
|  45|0x0000000083900000, 0x0000000083900000, 0x0000000083a00000|  0%| F|  |TS  0|AC  0|TAMS 0x0000000083900000, 0x0000000083900000|
|  46|0x0000000083a00000, 0x0000000083a00000, 0x0000000083b00000|  0%| F|  |TS  0|AC  0|TAMS 0x0000000083a00000, 0x0000000083a00000|
|  47|0x0000000083b00000, 0x0000000083b00000, 0x0000000083c00000|  0%| F|  |TS  0|AC  0|TAMS 0x0000000083b00000, 0x0000000083b00000|
|  48|0x0000000083c00000, 0x0000000083c00000, 0x0000000083d00000|  0%| F|  |TS  0|AC  0|TAMS 0x0000000083c00000, 0x0000000083c00000|
|  49|0x0000000083d00000, 0x0000000083d00000, 0x0000000083e00000|  0%| F|  |TS  0|AC  0|TAMS 0x0000000083d00000, 0x0000000083d00000|
|  50|0x0000000083e00000, 0x0000000083e00000, 0x0000000083f00000|  0%| F|  |TS  0|AC  0|TAMS 0x0000000083e00000, 0x0000000083e00000|
|  51|0x0000000083f00000, 0x0000000083f00000, 0x0000000084000000|  0%| F|  |TS  0|AC  0|TAMS 0x0000000083f00000, 0x0000000083f00000|
|  52|0x0000000084000000, 0x0000000084000000, 0x0000000084100000|  0%| F|  |TS  0|AC  0|TAMS 0x0000000084000000, 0x0000000084000000|
|  53|0x0000000084100000, 0x0000000084100000, 0x0000000084200000|  0%| F|  |TS  0|AC  0|TAMS 0x0000000084100000, 0x0000000084100000|
|  54|0x0000000084200000, 0x0000000084200000, 0x0000000084300000|  0%| F|  |TS  0|AC  0|TAMS 0x0000000084200000, 0x0000000084200000|
|  55|0x0000000084300000, 0x0000000084300000, 0x0000000084400000|  0%| F|  |TS  0|AC  0|TAMS 0x0000000084300000, 0x0000000084300000|
|  56|0x0000000084400000, 0x0000000084400000, 0x0000000084500000|  0%| F|  |TS  0|AC  0|TAMS 0x0000000084400000, 0x0000000084400000|
|  57|0x0000000084500000, 0x0000000084500000, 0x0000000084600000|  0%| F|  |TS  0|AC  0|TAMS 0x0000000084500000, 0x0000000084500000|
|  58|0x0000000084600000, 0x0000000084600000, 0x0000000084700000|  0%| F|  |TS  0|AC  0|TAMS 0x0000000084600000, 0x0000000084600000|
|  59|0x0000000084700000, 0x0000000084700000, 0x0000000084800000|  0%| F|  |TS  0|AC  0|TAMS 0x0000000084700000, 0x0000000084700000|
|  60|0x0000000084800000, 0x0000000084800000, 0x0000000084900000|  0%| F|  |TS  0|AC  0|TAMS 0x0000000084800000, 0x0000000084800000|
|  61|0x0000000084900000, 0x0000000084900000, 0x0000000084a00000|  0%| F|  |TS  0|AC  0|TAMS 0x0000000084900000, 0x0000000084900000|
|  62|0x0000000084a00000, 0x0000000084a00000, 0x0000000084b00000|  0%| F|  |TS  0|AC  0|TAMS 0x0000000084a00000, 0x0000000084a00000|
|  63|0x0000000084b00000, 0x0000000084b00000, 0x0000000084c00000|  0%| F|  |TS  0|AC  0|TAMS 0x0000000084b00000, 0x0000000084b00000|
|  64|0x0000000084c00000, 0x0000000084c00000, 0x0000000084d00000|  0%| F|  |TS  0|AC  0|TAMS 0x0000000084c00000, 0x0000000084c00000|
|  65|0x0000000084d00000, 0x0000000084d00000, 0x0000000084e00000|  0%| F|  |TS  0|AC  0|TAMS 0x0000000084d00000, 0x0000000084d00000|
|  66|0x0000000084e00000, 0x0000000084e00000, 0x0000000084f00000|  0%| F|  |TS  0|AC  0|TAMS 0x0000000084e00000, 0x0000000084e00000|
|  67|0x0000000084f00000, 0x0000000084f00000, 0x0000000085000000|  0%| F|  |TS  0|AC  0|TAMS 0x0000000084f00000, 0x0000000084f00000|
|  68|0x0000000085000000, 0x0000000085000000, 0x0000000085100000|  0%| F|  |TS  0|AC  0|TAMS 0x0000000085000000, 0x0000000085000000|
|  69|0x0000000085100000, 0x0000000085100000, 0x0000000085200000|  0%| F|  |TS  0|AC  0|TAMS 0x0000000085100000, 0x0000000085100000|
|  70|0x0000000085200000, 0x0000000085200000, 0x0000000085300000|  0%| F|  |TS  0|AC  0|TAMS 0x0000000085200000, 0x0000000085200000|
|  71|0x0000000085300000, 0x0000000085300000, 0x0000000085400000|  0%| F|  |TS  0|AC  0|TAMS 0x0000000085300000, 0x0000000085300000|
|  72|0x0000000085400000, 0x0000000085400000, 0x0000000085500000|  0%| F|  |TS  0|AC  0|TAMS 0x0000000085400000, 0x0000000085400000|
|  73|0x0000000085500000, 0x0000000085500000, 0x0000000085600000|  0%| F|  |TS  0|AC  0|TAMS 0x0000000085500000, 0x0000000085500000|
|  74|0x0000000085600000, 0x0000000085600000, 0x0000000085700000|  0%| F|  |TS  0|AC  0|TAMS 0x0000000085600000, 0x0000000085600000|
|  75|0x0000000085700000, 0x0000000085700000, 0x0000000085800000|  0%| F|  |TS  0|AC  0|TAMS 0x0000000085700000, 0x0000000085700000|
|  76|0x0000000085800000, 0x0000000085800000, 0x0000000085900000|  0%| F|  |TS  0|AC  0|TAMS 0x0000000085800000, 0x0000000085800000|
|  77|0x0000000085900000, 0x0000000085900000, 0x0000000085a00000|  0%| F|  |TS  0|AC  0|TAMS 0x0000000085900000, 0x0000000085900000|
|  78|0x0000000085a00000, 0x0000000085a00000, 0x0000000085b00000|  0%| F|  |TS  0|AC  0|TAMS 0x0000000085a00000, 0x0000000085a00000|
|  79|0x0000000085b00000, 0x0000000085b00000, 0x0000000085c00000|  0%| F|  |TS  0|AC  0|TAMS 0x0000000085b00000, 0x0000000085b00000|
|  80|0x0000000085c00000, 0x0000000085c00000, 0x0000000085d00000|  0%| F|  |TS  0|AC  0|TAMS 0x0000000085c00000, 0x0000000085c00000|
|  81|0x0000000085d00000, 0x0000000085d00000, 0x0000000085e00000|  0%| F|  |TS  0|AC  0|TAMS 0x0000000085d00000, 0x0000000085d00000|
|  82|0x0000000085e00000, 0x0000000085e00000, 0x0000000085f00000|  0%| F|  |TS  0|AC  0|TAMS 0x0000000085e00000, 0x0000000085e00000|
|  83|0x0000000085f00000, 0x0000000085f00000, 0x0000000086000000|  0%| F|  |TS  0|AC  0|TAMS 0x0000000085f00000, 0x0000000085f00000|
|  84|0x0000000086000000, 0x0000000086000000, 0x0000000086100000|  0%| F|  |TS  0|AC  0|TAMS 0x0000000086000000, 0x0000000086000000|
|  85|0x0000000086100000, 0x0000000086100000, 0x0000000086200000|  0%| F|  |TS  0|AC  0|TAMS 0x0000000086100000, 0x0000000086100000|
|  86|0x0000000086200000, 0x0000000086200000, 0x0000000086300000|  0%| F|  |TS  0|AC  0|TAMS 0x0000000086200000, 0x0000000086200000|
|  87|0x0000000086300000, 0x0000000086300000, 0x0000000086400000|  0%| F|  |TS  0|AC  0|TAMS 0x0000000086300000, 0x0000000086300000|
|  88|0x0000000086400000, 0x0000000086400000, 0x0000000086500000|  0%| F|  |TS  0|AC  0|TAMS 0x0000000086400000, 0x0000000086400000|
|  89|0x0000000086500000, 0x0000000086500000, 0x0000000086600000|  0%| F|  |TS  0|AC  0|TAMS 0x0000000086500000, 0x0000000086500000|
|  90|0x0000000086600000, 0x0000000086600000, 0x0000000086700000|  0%| F|  |TS  0|AC  0|TAMS 0x0000000086600000, 0x0000000086600000|
|  91|0x0000000086700000, 0x0000000086700000, 0x0000000086800000|  0%| F|  |TS  0|AC  0|TAMS 0x0000000086700000, 0x0000000086700000|
|  92|0x0000000086800000, 0x0000000086800000, 0x0000000086900000|  0%| F|  |TS  0|AC  0|TAMS 0x0000000086800000, 0x0000000086800000|
|  93|0x0000000086900000, 0x0000000086900000, 0x0000000086a00000|  0%| F|  |TS  0|AC  0|TAMS 0x0000000086900000, 0x0000000086900000|
|  94|0x0000000086a00000, 0x0000000086a00000, 0x0000000086b00000|  0%| F|  |TS  0|AC  0|TAMS 0x0000000086a00000, 0x0000000086a00000|
|  95|0x0000000086b00000, 0x0000000086b00000, 0x0000000086c00000|  0%| F|  |TS  0|AC  0|TAMS 0x0000000086b00000, 0x0000000086b00000|
|  96|0x0000000086c00000, 0x0000000086c00000, 0x0000000086d00000|  0%| F|  |TS  0|AC  0|TAMS 0x0000000086c00000, 0x0000000086c00000|
|  97|0x0000000086d00000, 0x0000000086d00000, 0x0000000086e00000|  0%| F|  |TS  0|AC  0|TAMS 0x0000000086d00000, 0x0000000086d00000|
|  98|0x0000000086e00000, 0x0000000086f00000, 0x0000000086f00000|100%| S|CS|TS  5|AC  0|TAMS 0x0000000086e00000, 0x0000000086e00000|
|  99|0x0000000086f00000, 0x0000000087000000, 0x0000000087000000|100%| S|CS|TS  5|AC  0|TAMS 0x0000000086f00000, 0x0000000086f00000|
| 100|0x0000000087000000, 0x0000000087100000, 0x0000000087100000|100%| S|CS|TS  5|AC  0|TAMS 0x0000000087000000, 0x0000000087000000|
| 101|0x0000000087100000, 0x0000000087200000, 0x0000000087200000|100%| S|CS|TS  5|AC  0|TAMS 0x0000000087100000, 0x0000000087100000|
| 102|0x0000000087200000, 0x0000000087200000, 0x0000000087300000|  0%| F|  |TS  5|AC  0|TAMS 0x0000000087200000, 0x0000000087200000|
| 103|0x0000000087300000, 0x0000000087300000, 0x0000000087400000|  0%| F|  |TS  5|AC  0|TAMS 0x0000000087300000, 0x0000000087300000|
| 104|0x0000000087400000, 0x0000000087400000, 0x0000000087500000|  0%| F|  |TS  5|AC  0|TAMS 0x0000000087400000, 0x0000000087400000|
| 105|0x0000000087500000, 0x0000000087500000, 0x0000000087600000|  0%| F|  |TS  5|AC  0|TAMS 0x0000000087500000, 0x0000000087500000|
| 106|0x0000000087600000, 0x0000000087600000, 0x0000000087700000|  0%| F|  |TS  5|AC  0|TAMS 0x0000000087600000, 0x0000000087600000|
| 107|0x0000000087700000, 0x0000000087700000, 0x0000000087800000|  0%| F|  |TS  5|AC  0|TAMS 0x0000000087700000, 0x0000000087700000|
| 108|0x0000000087800000, 0x0000000087800000, 0x0000000087900000|  0%| F|  |TS  5|AC  0|TAMS 0x0000000087800000, 0x0000000087800000|
| 109|0x0000000087900000, 0x0000000087900000, 0x0000000087a00000|  0%| F|  |TS  5|AC  0|TAMS 0x0000000087900000, 0x0000000087900000|
| 110|0x0000000087a00000, 0x0000000087a00000, 0x0000000087b00000|  0%| F|  |TS  5|AC  0|TAMS 0x0000000087a00000, 0x0000000087a00000|
| 111|0x0000000087b00000, 0x0000000087b00000, 0x0000000087c00000|  0%| F|  |TS  5|AC  0|TAMS 0x0000000087b00000, 0x0000000087b00000|
| 112|0x0000000087c00000, 0x0000000087c00000, 0x0000000087d00000|  0%| F|  |TS  5|AC  0|TAMS 0x0000000087c00000, 0x0000000087c00000|
| 113|0x0000000087d00000, 0x0000000087d00000, 0x0000000087e00000|  0%| F|  |TS  5|AC  0|TAMS 0x0000000087d00000, 0x0000000087d00000|
| 114|0x0000000087e00000, 0x0000000087e00000, 0x0000000087f00000|  0%| F|  |TS  5|AC  0|TAMS 0x0000000087e00000, 0x0000000087e00000|
| 115|0x0000000087f00000, 0x0000000087f00000, 0x0000000088000000|  0%| F|  |TS  5|AC  0|TAMS 0x0000000087f00000, 0x0000000087f00000|
| 116|0x0000000088000000, 0x00000000880d56a0, 0x0000000088100000| 83%| E|  |TS  5|AC  0|TAMS 0x0000000088000000, 0x0000000088000000|
| 117|0x0000000088100000, 0x0000000088200000, 0x0000000088200000|100%| E|CS|TS  5|AC  0|TAMS 0x0000000088100000, 0x0000000088100000|
| 118|0x0000000088200000, 0x0000000088300000, 0x0000000088300000|100%| E|CS|TS  5|AC  0|TAMS 0x0000000088200000, 0x0000000088200000|
| 119|0x0000000088300000, 0x0000000088400000, 0x0000000088400000|100%| E|CS|TS  5|AC  0|TAMS 0x0000000088300000, 0x0000000088300000|
| 120|0x0000000088400000, 0x0000000088500000, 0x0000000088500000|100%| E|CS|TS  5|AC  0|TAMS 0x0000000088400000, 0x0000000088400000|
| 121|0x0000000088500000, 0x0000000088600000, 0x0000000088600000|100%| E|CS|TS  5|AC  0|TAMS 0x0000000088500000, 0x0000000088500000|
| 122|0x0000000088600000, 0x0000000088700000, 0x0000000088700000|100%| E|CS|TS  5|AC  0|TAMS 0x0000000088600000, 0x0000000088600000|
| 123|0x0000000088700000, 0x0000000088800000, 0x0000000088800000|100%| E|CS|TS  5|AC  0|TAMS 0x0000000088700000, 0x0000000088700000|
| 124|0x0000000088800000, 0x0000000088900000, 0x0000000088900000|100%| E|CS|TS  5|AC  0|TAMS 0x0000000088800000, 0x0000000088800000|
| 125|0x0000000088900000, 0x0000000088a00000, 0x0000000088a00000|100%| E|CS|TS  5|AC  0|TAMS 0x0000000088900000, 0x0000000088900000|
| 126|0x0000000088a00000, 0x0000000088b00000, 0x0000000088b00000|100%| E|CS|TS  5|AC  0|TAMS 0x0000000088a00000, 0x0000000088a00000|
| 127|0x0000000088b00000, 0x0000000088c00000, 0x0000000088c00000|100%| E|CS|TS  5|AC  0|TAMS 0x0000000088b00000, 0x0000000088b00000|

Card table byte_map: [0x0000016ba2700000,0x0000016ba2b00000] byte_map_base: 0x0000016ba22fa000

Marking Bits (Prev, Next): (CMBitMap*) 0x0000016b8a4014b0, (CMBitMap*) 0x0000016b8a4014e8
 Prev Bits: [0x0000016ba2f00000, 0x0000016ba4ed0000)
 Next Bits: [0x0000016ba4ed0000, 0x0000016ba6ea0000)

Polling page: 0x0000016b8a310000

CodeHeap 'non-profiled nmethods': size=120064Kb used=1268Kb max_used=1268Kb free=118795Kb
 bounds [0x0000016b9a3a0000, 0x0000016b9a610000, 0x0000016ba18e0000]
CodeHeap 'profiled nmethods': size=120000Kb used=4671Kb max_used=4671Kb free=115328Kb
 bounds [0x0000016b92e70000, 0x0000016b93300000, 0x0000016b9a3a0000]
CodeHeap 'non-nmethods': size=5696Kb used=1289Kb max_used=1329Kb free=4406Kb
 bounds [0x0000016b928e0000, 0x0000016b92b50000, 0x0000016b92e70000]
 total_blobs=3375 nmethods=2248 adapters=389
 compilation: enabled

Compilation events (10 events):
Event: 24.153 Thread 0x0000016ba9cf5800 2245       3       java.util.Calendar::complete (40 bytes)
Event: 24.153 Thread 0x0000016ba9cf5800 nmethod 2245 0x0000016b932fc790 code [0x0000016b932fc960, 0x0000016b932fcd60]
Event: 27.266 Thread 0x0000016ba9cf5800 2246       3       java.util.Locale::hashCode (41 bytes)
Event: 27.266 Thread 0x0000016ba9cf5800 nmethod 2246 0x0000016b932fce90 code [0x0000016b932fd060, 0x0000016b932fd340]
Event: 28.879 Thread 0x0000016ba9cf5800 2247       3       java.util.Calendar::get (10 bytes)
Event: 28.879 Thread 0x0000016ba9cf5800 nmethod 2247 0x0000016b932fd410 code [0x0000016b932fd5e0, 0x0000016b932fd910]
Event: 28.934 Thread 0x0000016ba9cf5800 2248   !   3       sun.nio.ch.WindowsSelectorImpl$SubSelector::processFDSet (374 bytes)
Event: 29.003 Thread 0x0000016ba9cf5800 nmethod 2248 0x0000016b932fda10 code [0x0000016b932fdd40, 0x0000016b932ff660]
Event: 29.126 Thread 0x0000016ba9ce9000 2249       4       sun.nio.ch.SocketChannelImpl::translateReadyOps (191 bytes)
Event: 29.126 Thread 0x0000016ba9ce4000 2250       4       sun.nio.ch.SocketChannelImpl::translateAndSetReadyOps (8 bytes)

GC Heap History (6 events):
Event: 0.577 GC heap before
{Heap before GC invocations=0 (full 0):
 garbage-first heap   total 131072K, used 16384K [0x0000000080c00000, 0x0000000080d00400, 0x0000000100000000)
  region size 1024K, 14 young (14336K), 0 survivors (0K)
 Metaspace       used 11442K, capacity 11714K, committed 11904K, reserved 1060864K
  class space    used 1253K, capacity 1320K, committed 1408K, reserved 1048576K
}
Event: 0.583 GC heap after
{Heap after GC invocations=1 (full 0):
 garbage-first heap   total 131072K, used 5783K [0x0000000080c00000, 0x0000000080d00400, 0x0000000100000000)
  region size 1024K, 2 young (2048K), 2 survivors (2048K)
 Metaspace       used 11442K, capacity 11714K, committed 11904K, reserved 1060864K
  class space    used 1253K, capacity 1320K, committed 1408K, reserved 1048576K
}
Event: 1.016 GC heap before
{Heap before GC invocations=1 (full 0):
 garbage-first heap   total 131072K, used 16023K [0x0000000080c00000, 0x0000000080d00400, 0x0000000100000000)
  region size 1024K, 12 young (12288K), 2 survivors (2048K)
 Metaspace       used 15517K, capacity 15972K, committed 16256K, reserved 1062912K
  class space    used 1754K, capacity 1857K, committed 1920K, reserved 1048576K
}
Event: 1.023 GC heap after
{Heap after GC invocations=2 (full 0):
 garbage-first heap   total 131072K, used 8842K [0x0000000080c00000, 0x0000000080d00400, 0x0000000100000000)
  region size 1024K, 2 young (2048K), 2 survivors (2048K)
 Metaspace       used 15517K, capacity 15972K, committed 16256K, reserved 1062912K
  class space    used 1754K, capacity 1857K, committed 1920K, reserved 1048576K
}
Event: 17.244 GC heap before
{Heap before GC invocations=2 (full 0):
 garbage-first heap   total 131072K, used 33418K [0x0000000080c00000, 0x0000000080d00400, 0x0000000100000000)
  region size 1024K, 26 young (26624K), 2 survivors (2048K)
 Metaspace       used 19145K, capacity 19820K, committed 19968K, reserved 1067008K
  class space    used 2148K, capacity 2283K, committed 2304K, reserved 1048576K
}
Event: 17.251 GC heap after
{Heap after GC invocations=3 (full 0):
 garbage-first heap   total 131072K, used 10987K [0x0000000080c00000, 0x0000000080d00400, 0x0000000100000000)
  region size 1024K, 4 young (4096K), 4 survivors (4096K)
 Metaspace       used 19145K, capacity 19820K, committed 19968K, reserved 1067008K
  class space    used 2148K, capacity 2283K, committed 2304K, reserved 1048576K
}

Deoptimization events (10 events):
Event: 14.696 Thread 0x0000016baa6f6800 Uncommon trap: reason=unstable_if action=reinterpret pc=0x0000016b9a468cf4 method=sun.nio.ch.WindowsSelectorImpl$SubSelector.processFDSet(J[IIZ)I @ 143 c2
Event: 14.706 Thread 0x0000016baa6f6800 Uncommon trap: reason=unstable_if action=reinterpret pc=0x0000016b9a43ae9c method=java.util.HashMap.getNode(ILjava/lang/Object;)Ljava/util/HashMap$Node; @ 84 c2
Event: 16.368 Thread 0x0000016baa6f6800 Uncommon trap: reason=unstable_if action=reinterpret pc=0x0000016b9a4799f0 method=sun.nio.ch.WindowsSelectorImpl.doSelect(J)I @ 28 c2
Event: 17.195 Thread 0x0000016bac047000 Uncommon trap: reason=class_check action=maybe_recompile pc=0x0000016b9a491a8c method=java.util.AbstractCollection.toArray([Ljava/lang/Object;)[Ljava/lang/Object; @ 26 c2
Event: 17.211 Thread 0x0000016baaa9b000 Uncommon trap: reason=class_check action=maybe_recompile pc=0x0000016b9a491a8c method=java.util.AbstractCollection.toArray([Ljava/lang/Object;)[Ljava/lang/Object; @ 26 c2
Event: 20.881 Thread 0x0000016baa99b000 Uncommon trap: reason=class_check action=maybe_recompile pc=0x0000016b9a491a8c method=java.util.AbstractCollection.toArray([Ljava/lang/Object;)[Ljava/lang/Object; @ 26 c2
Event: 20.881 Thread 0x0000016baaa9b000 Uncommon trap: reason=class_check action=maybe_recompile pc=0x0000016b9a491a8c method=java.util.AbstractCollection.toArray([Ljava/lang/Object;)[Ljava/lang/Object; @ 26 c2
Event: 20.881 Thread 0x0000016baa969800 Uncommon trap: reason=class_check action=maybe_recompile pc=0x0000016b9a4820dc method=java.util.AbstractCollection.toArray([Ljava/lang/Object;)[Ljava/lang/Object; @ 26 c2
Event: 20.881 Thread 0x0000016baa845800 Uncommon trap: reason=class_check action=maybe_recompile pc=0x0000016b9a491a8c method=java.util.AbstractCollection.toArray([Ljava/lang/Object;)[Ljava/lang/Object; @ 26 c2
Event: 28.927 Thread 0x0000016baaa98000 Uncommon trap: reason=unstable_if action=reinterpret pc=0x0000016b9a4c1168 method=sun.nio.ch.WindowsSelectorImpl$SubSelector.processFDSet(J[IIZ)I @ 100 c2

Classes redefined (0 events):
No events

Internal exceptions (10 events):
Event: 1.076 Thread 0x0000016b8a360800 Exception <a 'java/lang/NoSuchMethodError'{0x0000000088a573a0}: java.lang.invoke.DirectMethodHandle$Holder.invokeInterface(Ljava/lang/Object;Ljava/lang/Object;)I> (0x0000000088a573a0) thrown at [t:/workspace/hotspot/src/share/vm/interpreter/linkResolver.c
Event: 1.076 Thread 0x0000016b8a360800 Exception <a 'java/lang/IncompatibleClassChangeError'{0x0000000088a59dd8}: Found class java.lang.Object, but interface was expected> (0x0000000088a59dd8) thrown at [t:/workspace/hotspot/src/share/vm/interpreter/linkResolver.cpp, line 793]
Event: 1.108 Thread 0x0000016b8a360800 Exception <a 'java/lang/NoSuchMethodError'{0x000000008892dd58}: java.lang.invoke.DirectMethodHandle$Holder.invokeStatic(Ljava/lang/Object;Ljava/lang/Object;Ljava/lang/Object;Ljava/lang/Object;Ljava/lang/Object;Ljava/lang/Object;Ljava/lang/Object;Ljava/lan
Event: 1.113 Thread 0x0000016b8a360800 Exception <a 'java/lang/NoSuchMethodError'{0x000000008894c6a8}: java.lang.invoke.DirectMethodHandle$Holder.invokeStatic(Ljava/lang/Object;Ljava/lang/Object;Ljava/lang/Object;Ljava/lang/Object;Ljava/lang/Object;Ljava/lang/Object;Ljava/lang/Object;Ljava/lan
Event: 1.116 Thread 0x0000016b8a360800 Exception <a 'java/lang/NoSuchMethodError'{0x000000008896bc98}: java.lang.invoke.DirectMethodHandle$Holder.invokeStatic(Ljava/lang/Object;Ljava/lang/Object;Ljava/lang/Object;Ljava/lang/Object;Ljava/lang/Object;Ljava/lang/Object;Ljava/lang/Object;Ljava/lan
Event: 1.118 Thread 0x0000016b8a360800 Exception <a 'java/lang/NoSuchMethodError'{0x000000008898cd40}: java.lang.invoke.DirectMethodHandle$Holder.invokeStatic(Ljava/lang/Object;Ljava/lang/Object;Ljava/lang/Object;Ljava/lang/Object;Ljava/lang/Object;Ljava/lang/Object;Ljava/lang/Object;Ljava/lan
Event: 1.135 Thread 0x0000016b8a360800 Exception <a 'java/lang/NoSuchMethodError'{0x00000000889eab00}: java.lang.invoke.DirectMethodHandle$Holder.invokeSpecial(Ljava/lang/Object;Ljava/lang/Object;Ljava/lang/Object;)I> (0x00000000889eab00) thrown at [t:/workspace/hotspot/src/share/vm/interprete
Event: 1.137 Thread 0x0000016b8a360800 Exception <a 'java/lang/NoSuchMethodError'{0x00000000889f5e50}: method resolution failed> (0x00000000889f5e50) thrown at [t:/workspace/hotspot/src/share/vm/prims/methodHandles.cpp, line 1256]
Event: 1.183 Thread 0x0000016b8a360800 Exception <a 'java/lang/NoSuchMethodError'{0x00000000888d4930}: java.lang.invoke.DirectMethodHandle$Holder.invokeStatic(Ljava/lang/Object;Ljava/lang/Object;Ljava/lang/Object;)V> (0x00000000888d4930) thrown at [t:/workspace/hotspot/src/share/vm/interpreter
Event: 1.211 Thread 0x0000016b8a360800 Exception <a 'java/lang/NoSuchMethodError'{0x0000000088787110}: java.lang.Object.lambda$union$2(Ljava/util/regex/Pattern$CharPredicate;I)Z> (0x0000000088787110) thrown at [t:/workspace/hotspot/src/share/vm/interpreter/linkResolver.cpp, line 731]

Events (10 events):
Event: 20.881 Thread 0x0000016baaa9b000 DEOPT PACKING pc=0x0000016b9a491a8c sp=0x00000017d03fefc0
Event: 20.881 Thread 0x0000016baa969800 Uncommon trap: trap_request=0xffffffde fr.pc=0x0000016b9a4820dc relative=0x000000000000051c
Event: 20.881 Thread 0x0000016baaa9b000 DEOPT UNPACKING pc=0x0000016b9292df29 sp=0x00000017d03fef28 mode 2
Event: 20.881 Thread 0x0000016baa969800 DEOPT PACKING pc=0x0000016b9a4820dc sp=0x00000017cfefecd0
Event: 20.881 Thread 0x0000016baa969800 DEOPT UNPACKING pc=0x0000016b9292df29 sp=0x00000017cfefeca0 mode 2
Event: 20.883 Thread 0x0000016baa845800 DEOPT PACKING pc=0x0000016b9a491a8c sp=0x00000017cffff2c0
Event: 20.883 Thread 0x0000016baa845800 DEOPT UNPACKING pc=0x0000016b9292df29 sp=0x00000017cffff228 mode 2
Event: 28.927 Thread 0x0000016baaa98000 Uncommon trap: trap_request=0xffffff5d fr.pc=0x0000016b9a4c1168 relative=0x0000000000000ac8
Event: 28.927 Thread 0x0000016baaa98000 DEOPT PACKING pc=0x0000016b9a4c1168 sp=0x00000017d00fed80
Event: 28.927 Thread 0x0000016baaa98000 DEOPT UNPACKING pc=0x0000016b9292df29 sp=0x00000017d00fed38 mode 2


Dynamic libraries:
0x00007ff65be30000 - 0x00007ff65be6e000 	C:\ProgramData\Oracle\Java\javapath\java.exe
0x00007ffd46ee0000 - 0x00007ffd470c0000 	C:\WINDOWS\SYSTEM32\ntdll.dll
0x00007ffd1df10000 - 0x00007ffd1df44000 	C:\Program Files\AVAST Software\Avast\x64\aswhooka.dll
0x00007ffd44fe0000 - 0x00007ffd4508e000 	C:\WINDOWS\System32\KERNEL32.DLL
0x00007ffd43cc0000 - 0x00007ffd43f26000 	C:\WINDOWS\System32\KERNELBASE.dll
0x00007ffd46e00000 - 0x00007ffd46ea1000 	C:\WINDOWS\System32\ADVAPI32.dll
0x00007ffd443b0000 - 0x00007ffd4444d000 	C:\WINDOWS\System32\msvcrt.dll
0x00007ffd44aa0000 - 0x00007ffd44afb000 	C:\WINDOWS\System32\sechost.dll
0x00007ffd45190000 - 0x00007ffd452af000 	C:\WINDOWS\System32\RPCRT4.dll
0x00007ffd44630000 - 0x00007ffd447bf000 	C:\WINDOWS\System32\USER32.dll
0x00007ffd44310000 - 0x00007ffd44330000 	C:\WINDOWS\System32\win32u.dll
0x00007ffd444d0000 - 0x00007ffd444f8000 	C:\WINDOWS\System32\GDI32.dll
0x00007ffd43b20000 - 0x00007ffd43cb3000 	C:\WINDOWS\System32\gdi32full.dll
0x00007ffd432e0000 - 0x00007ffd4337b000 	C:\WINDOWS\System32\msvcp_win.dll
0x00007ffd44210000 - 0x00007ffd44306000 	C:\WINDOWS\System32\ucrtbase.dll
0x00007ffd3e380000 - 0x00007ffd3e5e9000 	C:\WINDOWS\WinSxS\amd64_microsoft.windows.common-controls_6595b64144ccf1df_6.0.16299.125_none_15cbcf8893620c09\COMCTL32.dll
0x00007ffd44cd0000 - 0x00007ffd44fd8000 	C:\WINDOWS\System32\combase.dll
0x00007ffd44330000 - 0x00007ffd443a2000 	C:\WINDOWS\System32\bcryptPrimitives.dll
0x00007ffd3ba20000 - 0x00007ffd3ba2a000 	C:\WINDOWS\SYSTEM32\VERSION.dll
0x00007ffd44ca0000 - 0x00007ffd44ccd000 	C:\WINDOWS\System32\IMM32.DLL
0x00007ffd41270000 - 0x00007ffd4135f000 	C:\Program Files\Java\jre-9.0.1\bin\msvcr120.dll
0x00007ffd23890000 - 0x00007ffd23936000 	C:\Program Files\Java\jre-9.0.1\bin\msvcp120.dll
0x000000006f720000 - 0x0000000070144000 	C:\Program Files\Java\jre-9.0.1\bin\server\jvm.dll
0x00007ffd45340000 - 0x00007ffd45348000 	C:\WINDOWS\System32\PSAPI.DLL
0x00007ffd1bfa0000 - 0x00007ffd1bfa9000 	C:\WINDOWS\SYSTEM32\WSOCK32.dll
0x00007ffd452b0000 - 0x00007ffd4531c000 	C:\WINDOWS\System32\WS2_32.dll
0x00007ffd40a00000 - 0x00007ffd40a23000 	C:\WINDOWS\SYSTEM32\WINMM.dll
0x00007ffd409d0000 - 0x00007ffd409fa000 	C:\WINDOWS\SYSTEM32\WINMMBASE.dll
0x00007ffd43ad0000 - 0x00007ffd43b1a000 	C:\WINDOWS\System32\cfgmgr32.dll
0x00007ffd41670000 - 0x00007ffd4167f000 	C:\Program Files\Java\jre-9.0.1\bin\verify.dll
0x00007ffd380c0000 - 0x00007ffd380e7000 	C:\Program Files\Java\jre-9.0.1\bin\java.dll
0x00007ffd3fb40000 - 0x00007ffd3fb56000 	C:\Program Files\Java\jre-9.0.1\bin\zip.dll
0x00007ffd41260000 - 0x00007ffd4126a000 	C:\Program Files\Java\jre-9.0.1\bin\jimage.dll
0x00007ffd45350000 - 0x00007ffd46786000 	C:\WINDOWS\System32\SHELL32.dll
0x00007ffd46c40000 - 0x00007ffd46ce6000 	C:\WINDOWS\System32\shcore.dll
0x00007ffd43380000 - 0x00007ffd43ac7000 	C:\WINDOWS\System32\windows.storage.dll
0x00007ffd45090000 - 0x00007ffd450e1000 	C:\WINDOWS\System32\shlwapi.dll
0x00007ffd432c0000 - 0x00007ffd432d1000 	C:\WINDOWS\System32\kernel.appcore.dll
0x00007ffd43270000 - 0x00007ffd432bc000 	C:\WINDOWS\System32\powrprof.dll
0x00007ffd43230000 - 0x00007ffd4324b000 	C:\WINDOWS\System32\profapi.dll
0x00007ffd380a0000 - 0x00007ffd380ba000 	C:\Program Files\Java\jre-9.0.1\bin\net.dll
0x00007ffd3e670000 - 0x00007ffd3e74e000 	C:\WINDOWS\SYSTEM32\WINHTTP.dll
0x00007ffd42a60000 - 0x00007ffd42ac6000 	C:\WINDOWS\system32\mswsock.dll
0x00007ffd38080000 - 0x00007ffd38091000 	C:\Program Files\Java\jre-9.0.1\bin\nio.dll
0x00007ffd2c270000 - 0x00007ffd2c286000 	C:\WINDOWS\system32\napinsp.dll
0x00007ffd2c250000 - 0x00007ffd2c26a000 	C:\WINDOWS\system32\pnrpnsp.dll
0x00007ffd40870000 - 0x00007ffd40888000 	C:\WINDOWS\system32\NLAapi.dll
0x00007ffd42840000 - 0x00007ffd428f6000 	C:\WINDOWS\SYSTEM32\DNSAPI.dll
0x00007ffd45320000 - 0x00007ffd45328000 	C:\WINDOWS\System32\NSI.dll
0x00007ffd427f0000 - 0x00007ffd42829000 	C:\WINDOWS\SYSTEM32\IPHLPAPI.DLL
0x00007ffd2c240000 - 0x00007ffd2c24e000 	C:\WINDOWS\System32\winrnr.dll
0x00007ffd3b9a0000 - 0x00007ffd3b9aa000 	C:\Windows\System32\rasadhlp.dll
0x00007ffd3d5e0000 - 0x00007ffd3d650000 	C:\WINDOWS\System32\fwpuclnt.dll
0x00007ffd42d30000 - 0x00007ffd42d55000 	C:\WINDOWS\SYSTEM32\bcrypt.dll
0x00007ffd42c20000 - 0x00007ffd42c37000 	C:\WINDOWS\SYSTEM32\CRYPTSP.dll
0x00007ffd42670000 - 0x00007ffd426a3000 	C:\WINDOWS\system32\rsaenh.dll
0x00007ffd43130000 - 0x00007ffd43159000 	C:\WINDOWS\SYSTEM32\USERENV.dll
0x00007ffd42c40000 - 0x00007ffd42c4b000 	C:\WINDOWS\SYSTEM32\CRYPTBASE.dll
0x00007ffd3ed60000 - 0x00007ffd3ed76000 	C:\WINDOWS\SYSTEM32\dhcpcsvc6.DLL
0x00007ffd3ee40000 - 0x00007ffd3ee5a000 	C:\WINDOWS\SYSTEM32\dhcpcsvc.DLL
0x00007ffd409b0000 - 0x00007ffd409b9000 	C:\Program Files\Java\jre-9.0.1\bin\management.dll
0x00007ffd3a300000 - 0x00007ffd3a30a000 	C:\Program Files\Java\jre-9.0.1\bin\management_ext.dll

VM Arguments:
java_command: target/swagger-light-java-1.0.0.jar
java_class_path (initial): target/swagger-light-java-1.0.0.jar
Launcher Type: SUN_STANDARD

Logging:
Log output configuration:
#0: stdout all=warning uptime,level,tags
#1: stderr all=off uptime,level,tags

Environment Variables:
JAVA_HOME=C:\Program Files\Java\jdk1.8.0_152
PATH=C:\Users\yok\bin;C:\Program Files\Git\mingw64\bin;C:\Program Files\Git\usr\local\bin;C:\Program Files\Git\usr\bin;C:\Program Files\Git\usr\bin;C:\Program Files\Git\mingw64\bin;C:\Program Files\Git\usr\bin;C:\Users\yok\bin;C:\Program Files (x86)\NVIDIA Corporation\PhysX\Common;C:\ProgramData\Oracle\Java\javapath;C:\Program Files (x86)\AMD APP\bin\x86_64;C:\Program Files (x86)\AMD APP\bin\x86;C:\Program Files (x86)\Intel\iCLS Client;C:\Program Files\Intel\iCLS Client;C:\WINDOWS\system32;C:\WINDOWS;C:\WINDOWS\System32\Wbem;C:\WINDOWS\System32\WindowsPowerShell\v1.0;C:\Program Files\Intel\Intel(R) Management Engine Components\DAL;C:\Program Files\Intel\Intel(R) Management Engine Components\IPT;C:\Program Files (x86)\Intel\Intel(R) Management Engine Components\DAL;C:\Program Files (x86)\Intel\Intel(R) Management Engine Components\IPT;C:\Program Files (x86)\ATI Technologies\ATI.ACE\Core-Static;C:\Program Files (x86)\Vodafone\Vodafone Mobile Broadband\Optimization Client;C:\Program Files (x86)\OpenVPN\bin;C:\Program Files (x86)\Windows Kits\8.0\Windows Performance Toolkit;C:\Program Files (x86)\Skype\Phone;C:\Program Files (x86)\Windows Kits\10\Windows Performance Toolkit;C:\HashiCorp\Vagrant\bin;C:\Program Files\Git\cmd;C:\Users\yok\zookeeper-3.4.9\zookeeper-3.4.9\bin;%JAVA_HOME%\bin;C:\Program Files (x86)\SSH Communications Security\SSH Secure Shell;C:\Users\yok\AppData\Local\Microsoft\WindowsApps;C:\Program Files\apache-maven-3.5.2\bin;C:\Program Files\Java\jdk1.8.0_152;C:\Program Files\Docker Toolbox;C:\Program Files\Git\usr\bin\vendor_perl;C:\Program Files\Git\usr\bin\core_perl\yok\Desktop\oauth2-microservices-master\light-4j-master\go\bin
USERNAME=yok
SHELL=C:\Program Files\Git\usr\bin\bash
DISPLAY=needs-to-be-defined
OS=Windows_NT
PROCESSOR_IDENTIFIER=Intel64 Family 6 Model 58 Stepping 9, GenuineIntel



---------------  S Y S T E M  ---------------

OS: Windows 10 , 64 bit Build 16299 (10.0.16299.15)

CPU:total 4 (initial active 4) (2 cores per cpu, 2 threads per core) family 6 model 58 stepping 9, cmov, cx8, fxsr, mmx, sse, sse2, sse3, ssse3, sse4.1, sse4.2, popcnt, avx, aes, clmul, erms, ht, tsc, tscinvbit, tscinv

Memory: 4k page, physical 8338660k(3610916k free), swap 33504484k(0k free)

vm_info: Java HotSpot(TM) 64-Bit Server VM (9.0.1+11) for windows-amd64 JRE (9.0.1+11), built on Sep 28 2017 04:54:03 by "mach5one" with MS VC++ 12.0 (VS2013)

END.
