#
# There is insufficient memory for the Java Runtime Environment to continue.
# Native memory allocation (malloc) failed to allocate 32744 bytes for ChunkPool::allocate
# Possible reasons:
#   The system is out of physical RAM or swap space
#   The process is running with CompressedOops enabled, and the Java Heap may be blocking the growth of the native heap
# Possible solutions:
#   Reduce memory load on the system
#   Increase physical memory or swap space
#   Check if swap backing store is full
#   Decrease Java heap size (-Xmx/-Xms)
#   Decrease number of Java threads
#   Decrease Java thread stack sizes (-Xss)
#   Set larger code cache with -XX:ReservedCodeCacheSize=
#   JVM is running with Unscaled Compressed Oops mode in which the Java heap is
#     placed in the first 4GB address space. The Java Heap base address is the
#     maximum limit for the native heap growth. Please use -XX:HeapBaseMinAddress
#     to set the Java Heap base and to place the Java Heap above 4GB virtual address.
# This output file may be truncated or incomplete.
#
#  Out of Memory Error (t:/workspace/hotspot/src/share/vm/memory/allocation.cpp:256), pid=7656, tid=1656
#
# JRE version: Java(TM) SE Runtime Environment (9.0+11) (build 9.0.1+11)
# Java VM: Java HotSpot(TM) 64-Bit Server VM (9.0.1+11, mixed mode, tiered, compressed oops, g1 gc, windows-amd64)
# No core dump will be written. Minidumps are not enabled by default on client versions of Windows
#

---------------  S U M M A R Y ------------

Command Line: target/swagger-light-java-1.0.0.jar

Host: Intel(R) Core(TM) i5-3230M CPU @ 2.60GHz, 4 cores, 7G,  Windows 10 , 64 bit Build 16299 (10.0.16299.15)
Time: Thu Dec 28 19:19:54 2017 GTB Standard Time elapsed time: 159 seconds (0d 0h 2m 39s)

---------------  T H R E A D  ---------------

Current thread (0x000001a14a0cc000):  JavaThread "C1 CompilerThread2" daemon [_thread_in_native, id=1656, stack(0x00000041f3b00000,0x00000041f3c00000)]


Current CompileTask:
C1: 159724 2355 % !   3       org.xnio.nio.WorkerThread::run @ 753 (917 bytes)

Stack: [0x00000041f3b00000,0x00000041f3c00000]
Native frames: (J=compiled Java code, j=interpreted, Vv=VM code, C=native code)
V  [jvm.dll+0x5870b8]

[error occurred during error reporting (printing native stack), id 0xe0000001]


---------------  P R O C E S S  ---------------

Java Threads: ( => current thread )
  0x000001a14bcef800 JavaThread "DestroyJavaVM" [_thread_blocked, id=5072, stack(0x00000041f2700000,0x00000041f2800000)]
  0x000001a14b33e800 JavaThread "XNIO-1 Accept" [_thread_in_native, id=9576, stack(0x00000041f4800000,0x00000041f4900000)]
  0x000001a14b33d800 JavaThread "XNIO-1 I/O-8" [_thread_in_native, id=11712, stack(0x00000041f4700000,0x00000041f4800000)]
  0x000001a14afc7000 JavaThread "XNIO-1 I/O-7" [_thread_in_native, id=8364, stack(0x00000041f4600000,0x00000041f4700000)]
  0x000001a14afd4000 JavaThread "XNIO-1 I/O-6" [_thread_in_native, id=13792, stack(0x00000041f4500000,0x00000041f4600000)]
  0x000001a14b1cf000 JavaThread "XNIO-1 I/O-5" [_thread_in_native, id=12220, stack(0x00000041f4400000,0x00000041f4500000)]
  0x000001a14bbc1800 JavaThread "XNIO-1 I/O-4" [_thread_in_native, id=13044, stack(0x00000041f4300000,0x00000041f4400000)]
  0x000001a14bbc0800 JavaThread "XNIO-1 I/O-3" [_thread_in_native, id=12380, stack(0x00000041f4200000,0x00000041f4300000)]
  0x000001a14bbc0000 JavaThread "XNIO-1 I/O-2" [_thread_in_native, id=8424, stack(0x00000041f4100000,0x00000041f4200000)]
  0x000001a14b0ba800 JavaThread "XNIO-1 I/O-1" [_thread_in_native, id=3392, stack(0x00000041f4000000,0x00000041f4100000)]
  0x000001a14a3cd000 JavaThread "Service Thread" daemon [_thread_blocked, id=11220, stack(0x00000041f3e00000,0x00000041f3f00000)]
  0x000001a14a2c8800 JavaThread "Common-Cleaner" daemon [_thread_blocked, id=13376, stack(0x00000041f3d00000,0x00000041f3e00000)]
  0x000001a14a0d0000 JavaThread "Sweeper thread" daemon [_thread_blocked, id=7716, stack(0x00000041f3c00000,0x00000041f3d00000)]
=>0x000001a14a0cc000 JavaThread "C1 CompilerThread2" daemon [_thread_in_native, id=1656, stack(0x00000041f3b00000,0x00000041f3c00000)]
  0x000001a14a0bf800 JavaThread "C2 CompilerThread1" daemon [_thread_blocked, id=13940, stack(0x00000041f3a00000,0x00000041f3b00000)]
  0x000001a14a0bc800 JavaThread "C2 CompilerThread0" daemon [_thread_blocked, id=14072, stack(0x00000041f3900000,0x00000041f3a00000)]
  0x000001a14a0b3800 JavaThread "Attach Listener" daemon [_thread_blocked, id=14328, stack(0x00000041f3800000,0x00000041f3900000)]
  0x000001a14a0b2800 JavaThread "Signal Dispatcher" daemon [_thread_blocked, id=14164, stack(0x00000041f3700000,0x00000041f3800000)]
  0x000001a14a0a5000 JavaThread "Finalizer" daemon [_thread_blocked, id=14080, stack(0x00000041f3500000,0x00000041f3600000)]
  0x000001a14a070000 JavaThread "Reference Handler" daemon [_thread_blocked, id=12372, stack(0x00000041f3400000,0x00000041f3500000)]

Other Threads:
  0x000001a14a06d800 VMThread "VM Thread" [stack: 0x00000041f3300000,0x00000041f3400000] [id=13628]
  0x000001a14a3d3800 WatcherThread [stack: 0x00000041f3f00000,0x00000041f4000000] [id=9760]
  0x000001a12a837800 GCTaskThread "GC Thread#0" [stack: 0x00000041f2800000,0x00000041f2900000] [id=11976]
  0x000001a12a838800 GCTaskThread "GC Thread#1" [stack: 0x00000041f2900000,0x00000041f2a00000] [id=12924]
  0x000001a12a83a800 GCTaskThread "GC Thread#2" [stack: 0x00000041f2a00000,0x00000041f2b00000] [id=6744]
  0x000001a12a83d800 GCTaskThread "GC Thread#3" [stack: 0x00000041f2b00000,0x00000041f2c00000] [id=9876]
  0x000001a12a8c2000 ConcurrentGCThread "G1 Main Marker" [stack: 0x00000041f3100000,0x00000041f3200000] [id=6716]
  0x000001a12a8c3000 ConcurrentGCThread "G1 Marker#0" [stack: 0x00000041f3200000,0x00000041f3300000] [id=3108]
  0x000001a12a85a800 ConcurrentGCThread "G1 Refine#0" [stack: 0x00000041f2f00000,0x00000041f3000000] [id=13876]
  0x000001a12a859000 ConcurrentGCThread "G1 Refine#1" [stack: 0x00000041f2e00000,0x00000041f2f00000] [id=6156]
  0x000001a12a856000 ConcurrentGCThread "G1 Refine#2" [stack: 0x00000041f2d00000,0x00000041f2e00000] [id=924]
  0x000001a12a842000 ConcurrentGCThread "G1 Refine#3" [stack: 0x00000041f2c00000,0x00000041f2d00000] [id=13780]
  0x000001a12a85b800 ConcurrentGCThread "G1 Young RemSet Sampling" [stack: 0x00000041f3000000,0x00000041f3100000] [id=13148]

Threads with active compile tasks:
C1 CompilerThread22355 % !   3       org.xnio.nio.WorkerThread::run @ 753 (917 bytes)

VM state:not at safepoint (normal execution)

VM Mutex/Monitor currently owned by a thread: None

Heap address: 0x0000000080c00000, size: 2036 MB, Compressed Oops mode: 32-bit
Narrow klass base: 0x0000000000000000, Narrow klass shift: 3
Compressed class space size: 1073741824 Address: 0x0000000100000000

Heap:
 garbage-first heap   total 131072K, used 51847K [0x0000000080c00000, 0x0000000080d00400, 0x0000000100000000)
  region size 1024K, 45 young (46080K), 4 survivors (4096K)
 Metaspace       used 19207K, capacity 19936K, committed 19968K, reserved 1067008K
  class space    used 2158K, capacity 2293K, committed 2304K, reserved 1048576K
Heap Regions: E=young(eden), S=young(survivor), O=old, HS=humongous(starts), HC=humongous(continues), CS=collection set, F=free, A=archive, TS=gc time stamp, AC=allocation context, TAMS=top-at-mark-start (previous, next)
|   0|0x0000000080c00000, 0x0000000080d00000, 0x0000000080d00000|100%| O|  |TS  3|AC  0|TAMS 0x0000000080c00000, 0x0000000080c00000|
|   1|0x0000000080d00000, 0x0000000080e00000, 0x0000000080e00000|100%|HS|  |TS  0|AC  0|TAMS 0x0000000080d00000, 0x0000000080d00000|
|   2|0x0000000080e00000, 0x0000000080f00000, 0x0000000080f00000|100%| O|  |TS  1|AC  0|TAMS 0x0000000080e00000, 0x0000000080e00000|
|   3|0x0000000080f00000, 0x0000000081000000, 0x0000000081000000|100%| O|  |TS  1|AC  0|TAMS 0x0000000080f00000, 0x0000000080f00000|
|   4|0x0000000081000000, 0x0000000081100000, 0x0000000081100000|100%| O|  |TS  3|AC  0|TAMS 0x0000000081000000, 0x0000000081000000|
|   5|0x0000000081100000, 0x0000000081200000, 0x0000000081200000|100%| O|  |TS  3|AC  0|TAMS 0x0000000081100000, 0x0000000081100000|
|   6|0x0000000081200000, 0x00000000812a1e00, 0x0000000081300000| 63%| O|  |TS 21|AC  0|TAMS 0x0000000081200000, 0x0000000081200000|
|   7|0x0000000081300000, 0x0000000081300000, 0x0000000081400000|  0%| F|  |TS  0|AC  0|TAMS 0x0000000081300000, 0x0000000081300000|
|   8|0x0000000081400000, 0x0000000081400000, 0x0000000081500000|  0%| F|  |TS  0|AC  0|TAMS 0x0000000081400000, 0x0000000081400000|
|   9|0x0000000081500000, 0x0000000081500000, 0x0000000081600000|  0%| F|  |TS  0|AC  0|TAMS 0x0000000081500000, 0x0000000081500000|
|  10|0x0000000081600000, 0x0000000081600000, 0x0000000081700000|  0%| F|  |TS  0|AC  0|TAMS 0x0000000081600000, 0x0000000081600000|
|  11|0x0000000081700000, 0x0000000081700000, 0x0000000081800000|  0%| F|  |TS  0|AC  0|TAMS 0x0000000081700000, 0x0000000081700000|
|  12|0x0000000081800000, 0x0000000081800000, 0x0000000081900000|  0%| F|  |TS  0|AC  0|TAMS 0x0000000081800000, 0x0000000081800000|
|  13|0x0000000081900000, 0x0000000081900000, 0x0000000081a00000|  0%| F|  |TS  0|AC  0|TAMS 0x0000000081900000, 0x0000000081900000|
|  14|0x0000000081a00000, 0x0000000081a00000, 0x0000000081b00000|  0%| F|  |TS  0|AC  0|TAMS 0x0000000081a00000, 0x0000000081a00000|
|  15|0x0000000081b00000, 0x0000000081b00000, 0x0000000081c00000|  0%| F|  |TS  0|AC  0|TAMS 0x0000000081b00000, 0x0000000081b00000|
|  16|0x0000000081c00000, 0x0000000081c00000, 0x0000000081d00000|  0%| F|  |TS  0|AC  0|TAMS 0x0000000081c00000, 0x0000000081c00000|
|  17|0x0000000081d00000, 0x0000000081d00000, 0x0000000081e00000|  0%| F|  |TS  0|AC  0|TAMS 0x0000000081d00000, 0x0000000081d00000|
|  18|0x0000000081e00000, 0x0000000081e00000, 0x0000000081f00000|  0%| F|  |TS  0|AC  0|TAMS 0x0000000081e00000, 0x0000000081e00000|
|  19|0x0000000081f00000, 0x0000000081f00000, 0x0000000082000000|  0%| F|  |TS  0|AC  0|TAMS 0x0000000081f00000, 0x0000000081f00000|
|  20|0x0000000082000000, 0x0000000082000000, 0x0000000082100000|  0%| F|  |TS  0|AC  0|TAMS 0x0000000082000000, 0x0000000082000000|
|  21|0x0000000082100000, 0x0000000082100000, 0x0000000082200000|  0%| F|  |TS  0|AC  0|TAMS 0x0000000082100000, 0x0000000082100000|
|  22|0x0000000082200000, 0x0000000082200000, 0x0000000082300000|  0%| F|  |TS  0|AC  0|TAMS 0x0000000082200000, 0x0000000082200000|
|  23|0x0000000082300000, 0x0000000082300000, 0x0000000082400000|  0%| F|  |TS  0|AC  0|TAMS 0x0000000082300000, 0x0000000082300000|
|  24|0x0000000082400000, 0x0000000082400000, 0x0000000082500000|  0%| F|  |TS  0|AC  0|TAMS 0x0000000082400000, 0x0000000082400000|
|  25|0x0000000082500000, 0x0000000082500000, 0x0000000082600000|  0%| F|  |TS  0|AC  0|TAMS 0x0000000082500000, 0x0000000082500000|
|  26|0x0000000082600000, 0x0000000082600000, 0x0000000082700000|  0%| F|  |TS  0|AC  0|TAMS 0x0000000082600000, 0x0000000082600000|
|  27|0x0000000082700000, 0x0000000082700000, 0x0000000082800000|  0%| F|  |TS  0|AC  0|TAMS 0x0000000082700000, 0x0000000082700000|
|  28|0x0000000082800000, 0x0000000082800000, 0x0000000082900000|  0%| F|  |TS  0|AC  0|TAMS 0x0000000082800000, 0x0000000082800000|
|  29|0x0000000082900000, 0x0000000082900000, 0x0000000082a00000|  0%| F|  |TS  0|AC  0|TAMS 0x0000000082900000, 0x0000000082900000|
|  30|0x0000000082a00000, 0x0000000082a00000, 0x0000000082b00000|  0%| F|  |TS  0|AC  0|TAMS 0x0000000082a00000, 0x0000000082a00000|
|  31|0x0000000082b00000, 0x0000000082b00000, 0x0000000082c00000|  0%| F|  |TS  0|AC  0|TAMS 0x0000000082b00000, 0x0000000082b00000|
|  32|0x0000000082c00000, 0x0000000082c00000, 0x0000000082d00000|  0%| F|  |TS  0|AC  0|TAMS 0x0000000082c00000, 0x0000000082c00000|
|  33|0x0000000082d00000, 0x0000000082d00000, 0x0000000082e00000|  0%| F|  |TS  0|AC  0|TAMS 0x0000000082d00000, 0x0000000082d00000|
|  34|0x0000000082e00000, 0x0000000082e00000, 0x0000000082f00000|  0%| F|  |TS  0|AC  0|TAMS 0x0000000082e00000, 0x0000000082e00000|
|  35|0x0000000082f00000, 0x0000000082f00000, 0x0000000083000000|  0%| F|  |TS  0|AC  0|TAMS 0x0000000082f00000, 0x0000000082f00000|
|  36|0x0000000083000000, 0x0000000083000000, 0x0000000083100000|  0%| F|  |TS  0|AC  0|TAMS 0x0000000083000000, 0x0000000083000000|
|  37|0x0000000083100000, 0x0000000083100000, 0x0000000083200000|  0%| F|  |TS  0|AC  0|TAMS 0x0000000083100000, 0x0000000083100000|
|  38|0x0000000083200000, 0x0000000083200000, 0x0000000083300000|  0%| F|  |TS  0|AC  0|TAMS 0x0000000083200000, 0x0000000083200000|
|  39|0x0000000083300000, 0x0000000083300000, 0x0000000083400000|  0%| F|  |TS  0|AC  0|TAMS 0x0000000083300000, 0x0000000083300000|
|  40|0x0000000083400000, 0x0000000083400000, 0x0000000083500000|  0%| F|  |TS  0|AC  0|TAMS 0x0000000083400000, 0x0000000083400000|
|  41|0x0000000083500000, 0x0000000083500000, 0x0000000083600000|  0%| F|  |TS  0|AC  0|TAMS 0x0000000083500000, 0x0000000083500000|
|  42|0x0000000083600000, 0x0000000083600000, 0x0000000083700000|  0%| F|  |TS  0|AC  0|TAMS 0x0000000083600000, 0x0000000083600000|
|  43|0x0000000083700000, 0x0000000083700000, 0x0000000083800000|  0%| F|  |TS  0|AC  0|TAMS 0x0000000083700000, 0x0000000083700000|
|  44|0x0000000083800000, 0x0000000083800000, 0x0000000083900000|  0%| F|  |TS  0|AC  0|TAMS 0x0000000083800000, 0x0000000083800000|
|  45|0x0000000083900000, 0x0000000083900000, 0x0000000083a00000|  0%| F|  |TS  0|AC  0|TAMS 0x0000000083900000, 0x0000000083900000|
|  46|0x0000000083a00000, 0x0000000083a00000, 0x0000000083b00000|  0%| F|  |TS  0|AC  0|TAMS 0x0000000083a00000, 0x0000000083a00000|
|  47|0x0000000083b00000, 0x0000000083b00000, 0x0000000083c00000|  0%| F|  |TS  0|AC  0|TAMS 0x0000000083b00000, 0x0000000083b00000|
|  48|0x0000000083c00000, 0x0000000083d00000, 0x0000000083d00000|100%| S|CS|TS 21|AC  0|TAMS 0x0000000083c00000, 0x0000000083c00000|
|  49|0x0000000083d00000, 0x0000000083d00000, 0x0000000083e00000|  0%| F|  |TS 21|AC  0|TAMS 0x0000000083d00000, 0x0000000083d00000|
|  50|0x0000000083e00000, 0x0000000083e00000, 0x0000000083f00000|  0%| F|  |TS 21|AC  0|TAMS 0x0000000083e00000, 0x0000000083e00000|
|  51|0x0000000083f00000, 0x0000000083f00000, 0x0000000084000000|  0%| F|  |TS 21|AC  0|TAMS 0x0000000083f00000, 0x0000000083f00000|
|  52|0x0000000084000000, 0x0000000084100000, 0x0000000084100000|100%| S|CS|TS 21|AC  0|TAMS 0x0000000084000000, 0x0000000084000000|
|  53|0x0000000084100000, 0x0000000084200000, 0x0000000084200000|100%| S|CS|TS 21|AC  0|TAMS 0x0000000084100000, 0x0000000084100000|
|  54|0x0000000084200000, 0x0000000084300000, 0x0000000084300000|100%| S|CS|TS 21|AC  0|TAMS 0x0000000084200000, 0x0000000084200000|
|  55|0x0000000084300000, 0x0000000084300000, 0x0000000084400000|  0%| F|  |TS 21|AC  0|TAMS 0x0000000084300000, 0x0000000084300000|
|  56|0x0000000084400000, 0x0000000084400000, 0x0000000084500000|  0%| F|  |TS 21|AC  0|TAMS 0x0000000084400000, 0x0000000084400000|
|  57|0x0000000084500000, 0x0000000084500000, 0x0000000084600000|  0%| F|  |TS 21|AC  0|TAMS 0x0000000084500000, 0x0000000084500000|
|  58|0x0000000084600000, 0x0000000084600000, 0x0000000084700000|  0%| F|  |TS 21|AC  0|TAMS 0x0000000084600000, 0x0000000084600000|
|  59|0x0000000084700000, 0x0000000084700000, 0x0000000084800000|  0%| F|  |TS 21|AC  0|TAMS 0x0000000084700000, 0x0000000084700000|
|  60|0x0000000084800000, 0x0000000084800000, 0x0000000084900000|  0%| F|  |TS 21|AC  0|TAMS 0x0000000084800000, 0x0000000084800000|
|  61|0x0000000084900000, 0x0000000084900000, 0x0000000084a00000|  0%| F|  |TS 21|AC  0|TAMS 0x0000000084900000, 0x0000000084900000|
|  62|0x0000000084a00000, 0x0000000084a00000, 0x0000000084b00000|  0%| F|  |TS 21|AC  0|TAMS 0x0000000084a00000, 0x0000000084a00000|
|  63|0x0000000084b00000, 0x0000000084b00000, 0x0000000084c00000|  0%| F|  |TS 21|AC  0|TAMS 0x0000000084b00000, 0x0000000084b00000|
|  64|0x0000000084c00000, 0x0000000084c00000, 0x0000000084d00000|  0%| F|  |TS 21|AC  0|TAMS 0x0000000084c00000, 0x0000000084c00000|
|  65|0x0000000084d00000, 0x0000000084d00000, 0x0000000084e00000|  0%| F|  |TS 21|AC  0|TAMS 0x0000000084d00000, 0x0000000084d00000|
|  66|0x0000000084e00000, 0x0000000084e00000, 0x0000000084f00000|  0%| F|  |TS 21|AC  0|TAMS 0x0000000084e00000, 0x0000000084e00000|
|  67|0x0000000084f00000, 0x0000000084f00000, 0x0000000085000000|  0%| F|  |TS 21|AC  0|TAMS 0x0000000084f00000, 0x0000000084f00000|
|  68|0x0000000085000000, 0x0000000085000000, 0x0000000085100000|  0%| F|  |TS 21|AC  0|TAMS 0x0000000085000000, 0x0000000085000000|
|  69|0x0000000085100000, 0x0000000085100000, 0x0000000085200000|  0%| F|  |TS 21|AC  0|TAMS 0x0000000085100000, 0x0000000085100000|
|  70|0x0000000085200000, 0x0000000085200000, 0x0000000085300000|  0%| F|  |TS 21|AC  0|TAMS 0x0000000085200000, 0x0000000085200000|
|  71|0x0000000085300000, 0x0000000085300000, 0x0000000085400000|  0%| F|  |TS 21|AC  0|TAMS 0x0000000085300000, 0x0000000085300000|
|  72|0x0000000085400000, 0x0000000085400000, 0x0000000085500000|  0%| F|  |TS 21|AC  0|TAMS 0x0000000085400000, 0x0000000085400000|
|  73|0x0000000085500000, 0x0000000085500000, 0x0000000085600000|  0%| F|  |TS 21|AC  0|TAMS 0x0000000085500000, 0x0000000085500000|
|  74|0x0000000085600000, 0x0000000085600000, 0x0000000085700000|  0%| F|  |TS 21|AC  0|TAMS 0x0000000085600000, 0x0000000085600000|
|  75|0x0000000085700000, 0x0000000085700000, 0x0000000085800000|  0%| F|  |TS 21|AC  0|TAMS 0x0000000085700000, 0x0000000085700000|
|  76|0x0000000085800000, 0x0000000085800000, 0x0000000085900000|  0%| F|  |TS 21|AC  0|TAMS 0x0000000085800000, 0x0000000085800000|
|  77|0x0000000085900000, 0x0000000085900000, 0x0000000085a00000|  0%| F|  |TS 21|AC  0|TAMS 0x0000000085900000, 0x0000000085900000|
|  78|0x0000000085a00000, 0x0000000085a00000, 0x0000000085b00000|  0%| F|  |TS 21|AC  0|TAMS 0x0000000085a00000, 0x0000000085a00000|
|  79|0x0000000085b00000, 0x0000000085b00000, 0x0000000085c00000|  0%| F|  |TS 21|AC  0|TAMS 0x0000000085b00000, 0x0000000085b00000|
|  80|0x0000000085c00000, 0x0000000085c00000, 0x0000000085d00000|  0%| F|  |TS 21|AC  0|TAMS 0x0000000085c00000, 0x0000000085c00000|
|  81|0x0000000085d00000, 0x0000000085d00000, 0x0000000085e00000|  0%| F|  |TS 21|AC  0|TAMS 0x0000000085d00000, 0x0000000085d00000|
|  82|0x0000000085e00000, 0x0000000085e00000, 0x0000000085f00000|  0%| F|  |TS 21|AC  0|TAMS 0x0000000085e00000, 0x0000000085e00000|
|  83|0x0000000085f00000, 0x0000000085f00000, 0x0000000086000000|  0%| F|  |TS 21|AC  0|TAMS 0x0000000085f00000, 0x0000000085f00000|
|  84|0x0000000086000000, 0x0000000086000000, 0x0000000086100000|  0%| F|  |TS 21|AC  0|TAMS 0x0000000086000000, 0x0000000086000000|
|  85|0x0000000086100000, 0x0000000086100000, 0x0000000086200000|  0%| F|  |TS 21|AC  0|TAMS 0x0000000086100000, 0x0000000086100000|
|  86|0x0000000086200000, 0x0000000086200000, 0x0000000086300000|  0%| F|  |TS 21|AC  0|TAMS 0x0000000086200000, 0x0000000086200000|
|  87|0x0000000086300000, 0x00000000863c01f8, 0x0000000086400000| 75%| E|  |TS 21|AC  0|TAMS 0x0000000086300000, 0x0000000086300000|
|  88|0x0000000086400000, 0x0000000086500000, 0x0000000086500000|100%| E|CS|TS 21|AC  0|TAMS 0x0000000086400000, 0x0000000086400000|
|  89|0x0000000086500000, 0x0000000086600000, 0x0000000086600000|100%| E|CS|TS 21|AC  0|TAMS 0x0000000086500000, 0x0000000086500000|
|  90|0x0000000086600000, 0x0000000086700000, 0x0000000086700000|100%| E|CS|TS 21|AC  0|TAMS 0x0000000086600000, 0x0000000086600000|
|  91|0x0000000086700000, 0x0000000086800000, 0x0000000086800000|100%| E|CS|TS 21|AC  0|TAMS 0x0000000086700000, 0x0000000086700000|
|  92|0x0000000086800000, 0x0000000086900000, 0x0000000086900000|100%| E|CS|TS 21|AC  0|TAMS 0x0000000086800000, 0x0000000086800000|
|  93|0x0000000086900000, 0x0000000086a00000, 0x0000000086a00000|100%| E|CS|TS 21|AC  0|TAMS 0x0000000086900000, 0x0000000086900000|
|  94|0x0000000086a00000, 0x0000000086b00000, 0x0000000086b00000|100%| E|CS|TS 21|AC  0|TAMS 0x0000000086a00000, 0x0000000086a00000|
|  95|0x0000000086b00000, 0x0000000086c00000, 0x0000000086c00000|100%| E|CS|TS 21|AC  0|TAMS 0x0000000086b00000, 0x0000000086b00000|
|  96|0x0000000086c00000, 0x0000000086d00000, 0x0000000086d00000|100%| E|CS|TS 21|AC  0|TAMS 0x0000000086c00000, 0x0000000086c00000|
|  97|0x0000000086d00000, 0x0000000086e00000, 0x0000000086e00000|100%| E|CS|TS 21|AC  0|TAMS 0x0000000086d00000, 0x0000000086d00000|
|  98|0x0000000086e00000, 0x0000000086f00000, 0x0000000086f00000|100%| E|CS|TS 21|AC  0|TAMS 0x0000000086e00000, 0x0000000086e00000|
|  99|0x0000000086f00000, 0x0000000087000000, 0x0000000087000000|100%| E|CS|TS 21|AC  0|TAMS 0x0000000086f00000, 0x0000000086f00000|
| 100|0x0000000087000000, 0x0000000087100000, 0x0000000087100000|100%| E|CS|TS 21|AC  0|TAMS 0x0000000087000000, 0x0000000087000000|
| 101|0x0000000087100000, 0x0000000087200000, 0x0000000087200000|100%| E|CS|TS 21|AC  0|TAMS 0x0000000087100000, 0x0000000087100000|
| 102|0x0000000087200000, 0x0000000087300000, 0x0000000087300000|100%| E|CS|TS 21|AC  0|TAMS 0x0000000087200000, 0x0000000087200000|
| 103|0x0000000087300000, 0x0000000087400000, 0x0000000087400000|100%| E|CS|TS 21|AC  0|TAMS 0x0000000087300000, 0x0000000087300000|
| 104|0x0000000087400000, 0x0000000087500000, 0x0000000087500000|100%| E|CS|TS 21|AC  0|TAMS 0x0000000087400000, 0x0000000087400000|
| 105|0x0000000087500000, 0x0000000087600000, 0x0000000087600000|100%| E|CS|TS 21|AC  0|TAMS 0x0000000087500000, 0x0000000087500000|
| 106|0x0000000087600000, 0x0000000087700000, 0x0000000087700000|100%| E|CS|TS 21|AC  0|TAMS 0x0000000087600000, 0x0000000087600000|
| 107|0x0000000087700000, 0x0000000087800000, 0x0000000087800000|100%| E|CS|TS 21|AC  0|TAMS 0x0000000087700000, 0x0000000087700000|
| 108|0x0000000087800000, 0x0000000087900000, 0x0000000087900000|100%| E|CS|TS 21|AC  0|TAMS 0x0000000087800000, 0x0000000087800000|
| 109|0x0000000087900000, 0x0000000087a00000, 0x0000000087a00000|100%| E|CS|TS 21|AC  0|TAMS 0x0000000087900000, 0x0000000087900000|
| 110|0x0000000087a00000, 0x0000000087b00000, 0x0000000087b00000|100%| E|CS|TS 21|AC  0|TAMS 0x0000000087a00000, 0x0000000087a00000|
| 111|0x0000000087b00000, 0x0000000087c00000, 0x0000000087c00000|100%| E|CS|TS 21|AC  0|TAMS 0x0000000087b00000, 0x0000000087b00000|
| 112|0x0000000087c00000, 0x0000000087d00000, 0x0000000087d00000|100%| E|CS|TS 21|AC  0|TAMS 0x0000000087c00000, 0x0000000087c00000|
| 113|0x0000000087d00000, 0x0000000087e00000, 0x0000000087e00000|100%| E|CS|TS 21|AC  0|TAMS 0x0000000087d00000, 0x0000000087d00000|
| 114|0x0000000087e00000, 0x0000000087f00000, 0x0000000087f00000|100%| E|CS|TS 21|AC  0|TAMS 0x0000000087e00000, 0x0000000087e00000|
| 115|0x0000000087f00000, 0x0000000088000000, 0x0000000088000000|100%| E|CS|TS 21|AC  0|TAMS 0x0000000087f00000, 0x0000000087f00000|
| 116|0x0000000088000000, 0x0000000088100000, 0x0000000088100000|100%| E|CS|TS 21|AC  0|TAMS 0x0000000088000000, 0x0000000088000000|
| 117|0x0000000088100000, 0x0000000088200000, 0x0000000088200000|100%| E|CS|TS 21|AC  0|TAMS 0x0000000088100000, 0x0000000088100000|
| 118|0x0000000088200000, 0x0000000088300000, 0x0000000088300000|100%| E|CS|TS 21|AC  0|TAMS 0x0000000088200000, 0x0000000088200000|
| 119|0x0000000088300000, 0x0000000088400000, 0x0000000088400000|100%| E|CS|TS 21|AC  0|TAMS 0x0000000088300000, 0x0000000088300000|
| 120|0x0000000088400000, 0x0000000088500000, 0x0000000088500000|100%| E|CS|TS 21|AC  0|TAMS 0x0000000088400000, 0x0000000088400000|
| 121|0x0000000088500000, 0x0000000088600000, 0x0000000088600000|100%| E|CS|TS 21|AC  0|TAMS 0x0000000088500000, 0x0000000088500000|
| 122|0x0000000088600000, 0x0000000088700000, 0x0000000088700000|100%| E|CS|TS 21|AC  0|TAMS 0x0000000088600000, 0x0000000088600000|
| 123|0x0000000088700000, 0x0000000088800000, 0x0000000088800000|100%| E|CS|TS 21|AC  0|TAMS 0x0000000088700000, 0x0000000088700000|
| 124|0x0000000088800000, 0x0000000088900000, 0x0000000088900000|100%| E|CS|TS 21|AC  0|TAMS 0x0000000088800000, 0x0000000088800000|
| 125|0x0000000088900000, 0x0000000088a00000, 0x0000000088a00000|100%| E|CS|TS 21|AC  0|TAMS 0x0000000088900000, 0x0000000088900000|
| 126|0x0000000088a00000, 0x0000000088b00000, 0x0000000088b00000|100%| E|CS|TS 21|AC  0|TAMS 0x0000000088a00000, 0x0000000088a00000|
| 127|0x0000000088b00000, 0x0000000088c00000, 0x0000000088c00000|100%| E|CS|TS 21|AC  0|TAMS 0x0000000088b00000, 0x0000000088b00000|

Card table byte_map: [0x000001a142a40000,0x000001a142e40000] byte_map_base: 0x000001a14263a000

Marking Bits (Prev, Next): (CMBitMap*) 0x000001a12a8c1660, (CMBitMap*) 0x000001a12a8c1698
 Prev Bits: [0x000001a143240000, 0x000001a145210000)
 Next Bits: [0x000001a145210000, 0x000001a1471e0000)

Polling page: 0x000001a12aa70000

CodeHeap 'non-profiled nmethods': size=120064Kb used=1597Kb max_used=1597Kb free=118467Kb
 bounds [0x000001a13a6d0000, 0x000001a13a940000, 0x000001a141c10000]
CodeHeap 'profiled nmethods': size=120000Kb used=5238Kb max_used=5238Kb free=114761Kb
 bounds [0x000001a1331a0000, 0x000001a1336c0000, 0x000001a13a6d0000]
CodeHeap 'non-nmethods': size=5696Kb used=1289Kb max_used=1331Kb free=4406Kb
 bounds [0x000001a132c10000, 0x000001a132e80000, 0x000001a1331a0000]
 total_blobs=3574 nmethods=2353 adapters=389
 compilation: enabled

Compilation events (10 events):
Event: 147.581 Thread 0x000001a14a0bc800 2351   !   4       java.nio.channels.spi.AbstractSelectableChannel::configureBlocking (75 bytes)
Event: 147.581 Thread 0x000001a14a0bf800 nmethod 2350 0x000001a13a85c590 code [0x000001a13a85c740, 0x000001a13a85c838]
Event: 147.581 Thread 0x000001a14a0bf800 2352       4       java.util.concurrent.locks.ReentrantLock$Sync::isHeldExclusively (16 bytes)
Event: 147.582 Thread 0x000001a14a0bf800 nmethod 2352 0x000001a13a85c990 code [0x000001a13a85cb20, 0x000001a13a85cbb8]
Event: 147.582 Thread 0x000001a14a0bf800 2353       4       org.xnio.nio.NioSocketStreamConnection::setOption (516 bytes)
Event: 147.585 Thread 0x000001a14a0bc800 nmethod 2351 0x000001a13a85cc90 code [0x000001a13a85ce40, 0x000001a13a85d2e8]
Event: 147.592 Thread 0x000001a14a0bf800 nmethod 2353 0x000001a13a85d490 code [0x000001a13a85d680, 0x000001a13a85dc58]
Event: 155.368 Thread 0x000001a14a0bc800 2354       4       sun.nio.ch.Util$2::toArray (11 bytes)
Event: 155.457 Thread 0x000001a14a0bc800 nmethod 2354 0x000001a13a85e090 code [0x000001a13a85e280, 0x000001a13a85ee18]
Event: 156.688 Thread 0x000001a14a0cc000 2355 % !   3       org.xnio.nio.WorkerThread::run @ 753 (917 bytes)

GC Heap History (10 events):
Event: 125.151 GC heap before
{Heap before GC invocations=6 (full 0):
 garbage-first heap   total 131072K, used 84467K [0x0000000080c00000, 0x0000000080d00400, 0x0000000100000000)
  region size 1024K, 76 young (77824K), 3 survivors (3072K)
 Metaspace       used 19168K, capacity 19872K, committed 19968K, reserved 1067008K
  class space    used 2158K, capacity 2293K, committed 2304K, reserved 1048576K
}
Event: 125.156 GC heap after
{Heap after GC invocations=7 (full 0):
 garbage-first heap   total 131072K, used 9743K [0x0000000080c00000, 0x0000000080d00400, 0x0000000100000000)
  region size 1024K, 3 young (3072K), 3 survivors (3072K)
 Metaspace       used 19168K, capacity 19872K, committed 19968K, reserved 1067008K
  class space    used 2158K, capacity 2293K, committed 2304K, reserved 1048576K
}
Event: 128.242 GC heap before
{Heap before GC invocations=7 (full 0):
 garbage-first heap   total 131072K, used 84495K [0x0000000080c00000, 0x0000000080d00400, 0x0000000100000000)
  region size 1024K, 76 young (77824K), 3 survivors (3072K)
 Metaspace       used 19169K, capacity 19872K, committed 19968K, reserved 1067008K
  class space    used 2158K, capacity 2293K, committed 2304K, reserved 1048576K
}
Event: 128.246 GC heap after
{Heap after GC invocations=8 (full 0):
 garbage-first heap   total 131072K, used 9769K [0x0000000080c00000, 0x0000000080d00400, 0x0000000100000000)
  region size 1024K, 3 young (3072K), 3 survivors (3072K)
 Metaspace       used 19169K, capacity 19872K, committed 19968K, reserved 1067008K
  class space    used 2158K, capacity 2293K, committed 2304K, reserved 1048576K
}
Event: 135.518 GC heap before
{Heap before GC invocations=8 (full 0):
 garbage-first heap   total 131072K, used 84521K [0x0000000080c00000, 0x0000000080d00400, 0x0000000100000000)
  region size 1024K, 76 young (77824K), 3 survivors (3072K)
 Metaspace       used 19204K, capacity 19936K, committed 19968K, reserved 1067008K
  class space    used 2158K, capacity 2293K, committed 2304K, reserved 1048576K
}
Event: 135.524 GC heap after
{Heap after GC invocations=9 (full 0):
 garbage-first heap   total 131072K, used 10800K [0x0000000080c00000, 0x0000000080d00400, 0x0000000100000000)
  region size 1024K, 4 young (4096K), 4 survivors (4096K)
 Metaspace       used 19204K, capacity 19936K, committed 19968K, reserved 1067008K
  class space    used 2158K, capacity 2293K, committed 2304K, reserved 1048576K
}
Event: 139.159 GC heap before
{Heap before GC invocations=9 (full 0):
 garbage-first heap   total 131072K, used 84528K [0x0000000080c00000, 0x0000000080d00400, 0x0000000100000000)
  region size 1024K, 76 young (77824K), 4 survivors (4096K)
 Metaspace       used 19205K, capacity 19936K, committed 19968K, reserved 1067008K
  class space    used 2158K, capacity 2293K, committed 2304K, reserved 1048576K
}
Event: 139.166 GC heap after
{Heap after GC invocations=10 (full 0):
 garbage-first heap   total 131072K, used 10724K [0x0000000080c00000, 0x0000000080d00400, 0x0000000100000000)
  region size 1024K, 4 young (4096K), 4 survivors (4096K)
 Metaspace       used 19205K, capacity 19936K, committed 19968K, reserved 1067008K
  class space    used 2158K, capacity 2293K, committed 2304K, reserved 1048576K
}
Event: 142.549 GC heap before
{Heap before GC invocations=10 (full 0):
 garbage-first heap   total 131072K, used 84452K [0x0000000080c00000, 0x0000000080d00400, 0x0000000100000000)
  region size 1024K, 76 young (77824K), 4 survivors (4096K)
 Metaspace       used 19206K, capacity 19936K, committed 19968K, reserved 1067008K
  class space    used 2158K, capacity 2293K, committed 2304K, reserved 1048576K
}
Event: 142.555 GC heap after
{Heap after GC invocations=11 (full 0):
 garbage-first heap   total 131072K, used 10887K [0x0000000080c00000, 0x0000000080d00400, 0x0000000100000000)
  region size 1024K, 4 young (4096K), 4 survivors (4096K)
 Metaspace       used 19206K, capacity 19936K, committed 19968K, reserved 1067008K
  class space    used 2158K, capacity 2293K, committed 2304K, reserved 1048576K
}

Deoptimization events (10 events):
Event: 133.802 Thread 0x000001a14b33e800 Uncommon trap: reason=class_check action=maybe_recompile pc=0x000001a13a83c050 method=org.xnio.nio.WorkerThread.run()V @ 816 c2
Event: 133.966 Thread 0x000001a14b0ba800 Uncommon trap: reason=unstable_if action=reinterpret pc=0x000001a13a83b0d8 method=org.xnio.nio.WorkerThread.run()V @ 591 c2
Event: 155.347 Thread 0x000001a14bbc1800 Uncommon trap: reason=class_check action=maybe_recompile pc=0x000001a13a79bc90 method=java.util.AbstractCollection.toArray([Ljava/lang/Object;)[Ljava/lang/Object; @ 26 c2
Event: 155.347 Thread 0x000001a14b1cf000 Uncommon trap: reason=class_check action=maybe_recompile pc=0x000001a13a79bc90 method=java.util.AbstractCollection.toArray([Ljava/lang/Object;)[Ljava/lang/Object; @ 26 c2
Event: 155.348 Thread 0x000001a14b1cf000 Uncommon trap: reason=unstable_if action=reinterpret pc=0x000001a13a83b048 method=org.xnio.nio.WorkerThread.run()V @ 758 c2
Event: 155.348 Thread 0x000001a14bbc1800 Uncommon trap: reason=unstable_if action=reinterpret pc=0x000001a13a83b048 method=org.xnio.nio.WorkerThread.run()V @ 758 c2
Event: 155.362 Thread 0x000001a14b0ba800 Uncommon trap: reason=class_check action=maybe_recompile pc=0x000001a13a79bc90 method=java.util.AbstractCollection.toArray([Ljava/lang/Object;)[Ljava/lang/Object; @ 26 c2
Event: 155.362 Thread 0x000001a14bbc0000 Uncommon trap: reason=class_check action=maybe_recompile pc=0x000001a13a79bc90 method=java.util.AbstractCollection.toArray([Ljava/lang/Object;)[Ljava/lang/Object; @ 26 c2
Event: 155.363 Thread 0x000001a14b0ba800 Uncommon trap: reason=unstable_if action=reinterpret pc=0x000001a13a843ed4 method=org.xnio.nio.WorkerThread.run()V @ 758 c2
Event: 155.364 Thread 0x000001a14bbc0000 Uncommon trap: reason=unstable_if action=reinterpret pc=0x000001a13a843ed4 method=org.xnio.nio.WorkerThread.run()V @ 758 c2

Classes redefined (0 events):
No events

Internal exceptions (10 events):
Event: 1.275 Thread 0x000001a12a820800 Exception <a 'java/lang/NoSuchMethodError'{0x00000000887870a0}: java.lang.Object.lambda$union$2(Ljava/util/regex/Pattern$CharPredicate;I)Z> (0x00000000887870a0) thrown at [t:/workspace/hotspot/src/share/vm/interpreter/linkResolver.cpp, line 731]
Event: 115.076 Thread 0x000001a14b33d800 Implicit null exception at 0x000001a13a798631 to 0x000001a13a798a91
Event: 115.117 Thread 0x000001a14afd4000 Implicit null exception at 0x000001a13a7edcf8 to 0x000001a13a7f0825
Event: 115.117 Thread 0x000001a14afc7000 Implicit null exception at 0x000001a13a7f6506 to 0x000001a13a7f9e7d
Event: 115.118 Thread 0x000001a14b33d800 Implicit null exception at 0x000001a13a8003d4 to 0x000001a13a803129
Event: 115.118 Thread 0x000001a14b0ba800 Implicit null exception at 0x000001a13a8003d4 to 0x000001a13a803129
Event: 115.119 Thread 0x000001a14bbc0000 Implicit null exception at 0x000001a13a7f6506 to 0x000001a13a7f9e7d
Event: 115.119 Thread 0x000001a14bbc0800 Implicit null exception at 0x000001a13a7f6506 to 0x000001a13a7f9e7d
Event: 115.120 Thread 0x000001a14bbc1800 Implicit null exception at 0x000001a13a7f6506 to 0x000001a13a7f9e7d
Event: 115.153 Thread 0x000001a14b1cf000 Implicit null exception at 0x000001a13a7f6506 to 0x000001a13a7f9e7d

Events (10 events):
Event: 155.362 Thread 0x000001a14bbc0000 Uncommon trap: trap_request=0xffffffde fr.pc=0x000001a13a79bc90 relative=0x0000000000000a90
Event: 155.362 Thread 0x000001a14b0ba800 DEOPT UNPACKING pc=0x000001a132c5df29 sp=0x00000041f40ff298 mode 2
Event: 155.362 Thread 0x000001a14bbc0000 DEOPT PACKING pc=0x000001a13a79bc90 sp=0x00000041f41fefe0
Event: 155.362 Thread 0x000001a14bbc0000 DEOPT UNPACKING pc=0x000001a132c5df29 sp=0x00000041f41fef38 mode 2
Event: 155.363 Thread 0x000001a14b0ba800 Uncommon trap: trap_request=0xffffff5d fr.pc=0x000001a13a843ed4 relative=0x0000000000002594
Event: 155.363 Thread 0x000001a14b0ba800 DEOPT PACKING pc=0x000001a13a843ed4 sp=0x00000041f40ff3c0
Event: 155.363 Thread 0x000001a14b0ba800 DEOPT UNPACKING pc=0x000001a132c5df29 sp=0x00000041f40ff350 mode 2
Event: 155.364 Thread 0x000001a14bbc0000 Uncommon trap: trap_request=0xffffff5d fr.pc=0x000001a13a843ed4 relative=0x0000000000002594
Event: 155.364 Thread 0x000001a14bbc0000 DEOPT PACKING pc=0x000001a13a843ed4 sp=0x00000041f41ff060
Event: 155.364 Thread 0x000001a14bbc0000 DEOPT UNPACKING pc=0x000001a132c5df29 sp=0x00000041f41feff0 mode 2


Dynamic libraries:
0x00007ff65be30000 - 0x00007ff65be6e000 	C:\ProgramData\Oracle\Java\javapath\java.exe
0x00007ffd46ee0000 - 0x00007ffd470c0000 	C:\WINDOWS\SYSTEM32\ntdll.dll
0x00007ffd1df10000 - 0x00007ffd1df44000 	C:\Program Files\AVAST Software\Avast\x64\aswhooka.dll
0x00007ffd44fe0000 - 0x00007ffd4508e000 	C:\WINDOWS\System32\KERNEL32.DLL
0x00007ffd43cc0000 - 0x00007ffd43f26000 	C:\WINDOWS\System32\KERNELBASE.dll
0x00007ffd46e00000 - 0x00007ffd46ea1000 	C:\WINDOWS\System32\ADVAPI32.dll
0x00007ffd443b0000 - 0x00007ffd4444d000 	C:\WINDOWS\System32\msvcrt.dll
0x00007ffd44aa0000 - 0x00007ffd44afb000 	C:\WINDOWS\System32\sechost.dll
0x00007ffd45190000 - 0x00007ffd452af000 	C:\WINDOWS\System32\RPCRT4.dll
0x00007ffd44630000 - 0x00007ffd447bf000 	C:\WINDOWS\System32\USER32.dll
0x00007ffd44310000 - 0x00007ffd44330000 	C:\WINDOWS\System32\win32u.dll
0x00007ffd444d0000 - 0x00007ffd444f8000 	C:\WINDOWS\System32\GDI32.dll
0x00007ffd43b20000 - 0x00007ffd43cb3000 	C:\WINDOWS\System32\gdi32full.dll
0x00007ffd432e0000 - 0x00007ffd4337b000 	C:\WINDOWS\System32\msvcp_win.dll
0x00007ffd44210000 - 0x00007ffd44306000 	C:\WINDOWS\System32\ucrtbase.dll
0x00007ffd3e380000 - 0x00007ffd3e5e9000 	C:\WINDOWS\WinSxS\amd64_microsoft.windows.common-controls_6595b64144ccf1df_6.0.16299.125_none_15cbcf8893620c09\COMCTL32.dll
0x00007ffd44cd0000 - 0x00007ffd44fd8000 	C:\WINDOWS\System32\combase.dll
0x00007ffd44330000 - 0x00007ffd443a2000 	C:\WINDOWS\System32\bcryptPrimitives.dll
0x00007ffd3ba20000 - 0x00007ffd3ba2a000 	C:\WINDOWS\SYSTEM32\VERSION.dll
0x00007ffd44ca0000 - 0x00007ffd44ccd000 	C:\WINDOWS\System32\IMM32.DLL
0x00007ffd412f0000 - 0x00007ffd413df000 	C:\Program Files\Java\jre-9.0.1\bin\msvcr120.dll
0x00007ffd21e00000 - 0x00007ffd21ea6000 	C:\Program Files\Java\jre-9.0.1\bin\msvcp120.dll
0x000000006f720000 - 0x0000000070144000 	C:\Program Files\Java\jre-9.0.1\bin\server\jvm.dll
0x00007ffd45340000 - 0x00007ffd45348000 	C:\WINDOWS\System32\PSAPI.DLL
0x00007ffd1bfa0000 - 0x00007ffd1bfa9000 	C:\WINDOWS\SYSTEM32\WSOCK32.dll
0x00007ffd452b0000 - 0x00007ffd4531c000 	C:\WINDOWS\System32\WS2_32.dll
0x00007ffd40a00000 - 0x00007ffd40a23000 	C:\WINDOWS\SYSTEM32\WINMM.dll
0x00007ffd409d0000 - 0x00007ffd409fa000 	C:\WINDOWS\SYSTEM32\WINMMBASE.dll
0x00007ffd43ad0000 - 0x00007ffd43b1a000 	C:\WINDOWS\System32\cfgmgr32.dll
0x00007ffd41670000 - 0x00007ffd4167f000 	C:\Program Files\Java\jre-9.0.1\bin\verify.dll
0x00007ffd412c0000 - 0x00007ffd412e7000 	C:\Program Files\Java\jre-9.0.1\bin\java.dll
0x00007ffd412a0000 - 0x00007ffd412b6000 	C:\Program Files\Java\jre-9.0.1\bin\zip.dll
0x00007ffd41290000 - 0x00007ffd4129a000 	C:\Program Files\Java\jre-9.0.1\bin\jimage.dll
0x00007ffd45350000 - 0x00007ffd46786000 	C:\WINDOWS\System32\SHELL32.dll
0x00007ffd46c40000 - 0x00007ffd46ce6000 	C:\WINDOWS\System32\shcore.dll
0x00007ffd43380000 - 0x00007ffd43ac7000 	C:\WINDOWS\System32\windows.storage.dll
0x00007ffd45090000 - 0x00007ffd450e1000 	C:\WINDOWS\System32\shlwapi.dll
0x00007ffd432c0000 - 0x00007ffd432d1000 	C:\WINDOWS\System32\kernel.appcore.dll
0x00007ffd43270000 - 0x00007ffd432bc000 	C:\WINDOWS\System32\powrprof.dll
0x00007ffd43230000 - 0x00007ffd4324b000 	C:\WINDOWS\System32\profapi.dll
0x00007ffd41270000 - 0x00007ffd4128a000 	C:\Program Files\Java\jre-9.0.1\bin\net.dll
0x00007ffd3e670000 - 0x00007ffd3e74e000 	C:\WINDOWS\SYSTEM32\WINHTTP.dll
0x00007ffd42a60000 - 0x00007ffd42ac6000 	C:\WINDOWS\system32\mswsock.dll
0x00007ffd380d0000 - 0x00007ffd380e1000 	C:\Program Files\Java\jre-9.0.1\bin\nio.dll
0x00007ffd2c270000 - 0x00007ffd2c286000 	C:\WINDOWS\system32\napinsp.dll
0x00007ffd2c250000 - 0x00007ffd2c26a000 	C:\WINDOWS\system32\pnrpnsp.dll
0x00007ffd40870000 - 0x00007ffd40888000 	C:\WINDOWS\system32\NLAapi.dll
0x00007ffd42840000 - 0x00007ffd428f6000 	C:\WINDOWS\SYSTEM32\DNSAPI.dll
0x00007ffd45320000 - 0x00007ffd45328000 	C:\WINDOWS\System32\NSI.dll
0x00007ffd427f0000 - 0x00007ffd42829000 	C:\WINDOWS\SYSTEM32\IPHLPAPI.DLL
0x00007ffd2c240000 - 0x00007ffd2c24e000 	C:\WINDOWS\System32\winrnr.dll
0x00007ffd3b9a0000 - 0x00007ffd3b9aa000 	C:\Windows\System32\rasadhlp.dll
0x00007ffd3d5e0000 - 0x00007ffd3d650000 	C:\WINDOWS\System32\fwpuclnt.dll
0x00007ffd42d30000 - 0x00007ffd42d55000 	C:\WINDOWS\SYSTEM32\bcrypt.dll
0x00007ffd42c20000 - 0x00007ffd42c37000 	C:\WINDOWS\SYSTEM32\CRYPTSP.dll
0x00007ffd42670000 - 0x00007ffd426a3000 	C:\WINDOWS\system32\rsaenh.dll
0x00007ffd43130000 - 0x00007ffd43159000 	C:\WINDOWS\SYSTEM32\USERENV.dll
0x00007ffd42c40000 - 0x00007ffd42c4b000 	C:\WINDOWS\SYSTEM32\CRYPTBASE.dll
0x00007ffd3ed60000 - 0x00007ffd3ed76000 	C:\WINDOWS\SYSTEM32\dhcpcsvc6.DLL
0x00007ffd3ee40000 - 0x00007ffd3ee5a000 	C:\WINDOWS\SYSTEM32\dhcpcsvc.DLL
0x00007ffd41260000 - 0x00007ffd41269000 	C:\Program Files\Java\jre-9.0.1\bin\management.dll
0x00007ffd380c0000 - 0x00007ffd380ca000 	C:\Program Files\Java\jre-9.0.1\bin\management_ext.dll

VM Arguments:
java_command: target/swagger-light-java-1.0.0.jar
java_class_path (initial): target/swagger-light-java-1.0.0.jar
Launcher Type: SUN_STANDARD

Logging:
Log output configuration:
#0: stdout all=warning uptime,level,tags
#1: stderr all=off uptime,level,tags

Environment Variables:
JAVA_HOME=C:\Program Files\Java\jdk1.8.0_152
PATH=C:\Users\yok\bin;C:\Program Files\Git\mingw64\bin;C:\Program Files\Git\usr\local\bin;C:\Program Files\Git\usr\bin;C:\Program Files\Git\usr\bin;C:\Program Files\Git\mingw64\bin;C:\Program Files\Git\usr\bin;C:\Users\yok\bin;C:\Program Files (x86)\NVIDIA Corporation\PhysX\Common;C:\ProgramData\Oracle\Java\javapath;C:\Program Files (x86)\AMD APP\bin\x86_64;C:\Program Files (x86)\AMD APP\bin\x86;C:\Program Files (x86)\Intel\iCLS Client;C:\Program Files\Intel\iCLS Client;C:\WINDOWS\system32;C:\WINDOWS;C:\WINDOWS\System32\Wbem;C:\WINDOWS\System32\WindowsPowerShell\v1.0;C:\Program Files\Intel\Intel(R) Management Engine Components\DAL;C:\Program Files\Intel\Intel(R) Management Engine Components\IPT;C:\Program Files (x86)\Intel\Intel(R) Management Engine Components\DAL;C:\Program Files (x86)\Intel\Intel(R) Management Engine Components\IPT;C:\Program Files (x86)\ATI Technologies\ATI.ACE\Core-Static;C:\Program Files (x86)\Vodafone\Vodafone Mobile Broadband\Optimization Client;C:\Program Files (x86)\OpenVPN\bin;C:\Program Files (x86)\Windows Kits\8.0\Windows Performance Toolkit;C:\Program Files (x86)\Skype\Phone;C:\Program Files (x86)\Windows Kits\10\Windows Performance Toolkit;C:\HashiCorp\Vagrant\bin;C:\Program Files\Git\cmd;C:\Users\yok\zookeeper-3.4.9\zookeeper-3.4.9\bin;%JAVA_HOME%\bin;C:\Program Files (x86)\SSH Communications Security\SSH Secure Shell;C:\Users\yok\AppData\Local\Microsoft\WindowsApps;C:\Program Files\apache-maven-3.5.2\bin;C:\Program Files\Java\jdk1.8.0_152;C:\Program Files\Docker Toolbox;C:\Program Files\Git\usr\bin\vendor_perl;C:\Program Files\Git\usr\bin\core_perl\yok\Desktop\oauth2-microservices-master\light-4j-master\go\bin
USERNAME=yok
SHELL=C:\Program Files\Git\usr\bin\bash
DISPLAY=needs-to-be-defined
OS=Windows_NT
PROCESSOR_IDENTIFIER=Intel64 Family 6 Model 58 Stepping 9, GenuineIntel



---------------  S Y S T E M  ---------------

OS: Windows 10 , 64 bit Build 16299 (10.0.16299.15)

CPU:total 4 (initial active 4) (2 cores per cpu, 2 threads per core) family 6 model 58 stepping 9, cmov, cx8, fxsr, mmx, sse, sse2, sse3, ssse3, sse4.1, sse4.2, popcnt, avx, aes, clmul, erms, ht, tsc, tscinvbit, tscinv

Memory: 4k page, physical 8338660k(2586756k free), swap 23138896k(52k free)

vm_info: Java HotSpot(TM) 64-Bit Server VM (9.0.1+11) for windows-amd64 JRE (9.0.1+11), built on Sep 28 2017 04:54:03 by "mach5one" with MS VC++ 12.0 (VS2013)

END.
